已将内容 test--这是一条测试邮件 发送到 2531667489@qq.com
已将内容 test--这是一条测试邮件 发送到 2531667489@qq.com
已将内容 -- 发送到 
已将内容 test--这是一条测试邮件 发送到 2531667489@qq.com
已将内容 1--hello 发送到 3067733270@qq.com
已将内容 test--test 发送到 2531667489@qq.com
已将内容 test--test 发送到 2531667489@qq.com
已完成任务：将 test--test 发送到 2531667489@qq.com
已完成任务：将 test--test 发送到 2531667489@qq.com
已完成任务：将 test--test 发送到 2531667489@qq.com
已完成任务：将 test--test 发送到 2531667489@qq.com
已完成任务：将 test--test 发送到 2531667489@qq.com
已完成任务：将 test--test 发送到 2531667489@qq.com
已完成任务：将 test--test 发送到 2531667489@qq.com
已完成任务：将 test--test 发送到 2531667489@qq.com
已完成任务：将 test--test 发送到 2531667489@qq.com
已完成任务：将 test--test 发送到 2531667489@qq.com
已完成任务：将 test--test 发送到 2531667489@qq.com
已完成任务：将 test--test 发送到 2531667489@qq.com
已完成任务：将 test--test 发送到 2531667489@qq.com
已完成任务：将 test--test 发送到 2531667489@qq.com
已完成任务：将 test--test 发送到 2531667489@qq.com
已完成任务：将 test--test 发送到 2531667489@qq.com
已完成任务：将 test--test 发送到 2531667489@qq.com
已完成任务：将 test--test 发送到 2531667489@qq.com
已完成任务：将 test--test 发送到 2531667489@qq.com
已完成任务：将 test--test 发送到 2531667489@qq.com
已完成任务：将 test--test 发送到 2531667489@qq.com
已完成任务：将 test--test 发送到 2531667489@qq.com
已完成任务：将 test--test 发送到 2531667489@qq.com
已完成任务：将 test--test 发送到 2531667489@qq.com
已完成任务：将 test--test 发送到 2531667489@qq.com
已完成任务：将 电费监视系统异常--出现错误：Traceback (most recent call last):
  File "elec_monitor.py", line 67, in <module>
    read_sql()
  File "elec_monitor.py", line 49, in read_sql
    cursor.execute(query)
  File "/usr/local/python3/lib/python3.8/site-packages/mysql/connector/cursor.py", line 551, in execute
    self._handle_result(self._connection.cmd_query(stmt))
  File "/usr/local/python3/lib/python3.8/site-packages/mysql/connector/connection.py", line 490, in cmd_query
    result = self._handle_result(self._send_cmd(ServerCmd.QUERY, query))
  File "/usr/local/python3/lib/python3.8/site-packages/mysql/connector/connection.py", line 395, in _handle_result
    raise errors.get_exception(packet)
mysql.connector.errors.ProgrammingError: 1054 (42S22): Unknown column 'mailto' in 'field list'
 发送到 2531667489@qq.com
已完成任务：将 电费监视系统异常--出现错误：```Traceback (most recent call last):
  File "elec_monitor.py", line 67, in <module>
    read_sql()
  File "elec_monitor.py", line 53, in read_sql
    monitor(dromNumber, mailto)
  File "elec_monitor.py", line 25, in monitor
    surplus = int(data["d"]["data"]["surplus"])
ValueError: invalid literal for int() with base 10: '95.83'
``` 发送到 2531667489@qq.com
已完成任务：将 BUPT电费低警告--您宿舍的电费仅剩12.3元，已小于15元。为了防止断电给您造成损失，请及时充值！ 发送到 anzexv@bupt.edu.cn
已完成任务：将 电费监视系统异常--出现错误：<pre>Traceback (most recent call last):
  File "elec_monitor.py", line 70, in <module>
    read_sql()
  File "elec_monitor.py", line 56, in read_sql
    monitor(dromNumber, mailto)
  File "elec_monitor.py", line 30, in monitor
    time.sleep(1.2)
AttributeError: 'str' object has no attribute 'sleep'
</pre> 发送到 2531667489@qq.com
已完成任务：将 电费监视系统异常--出现错误：<pre>Traceback (most recent call last):
  File "elec_monitor.py", line 70, in <module>
    read_sql()
  File "elec_monitor.py", line 56, in read_sql
    monitor(dromNumber, mailto)
  File "elec_monitor.py", line 30, in monitor
    time.sleep(1.2)
AttributeError: 'str' object has no attribute 'sleep'
</pre> 发送到 2531667489@qq.com
已完成任务：将 电费监视系统异常--出现错误：<pre>Traceback (most recent call last):
  File "elec_monitor.py", line 70, in <module>
    read_sql()
  File "elec_monitor.py", line 56, in read_sql
    monitor(dromNumber, mailto)
  File "elec_monitor.py", line 28, in monitor
    mail(mailto, surplus, surplus_time)
  File "elec_monitor.py", line 17, in mail
    print(mail_response.text)
NameError: name 'mail_response' is not defined
</pre> 发送到 2531667489@qq.com
已完成任务：将 BUPT电费低警告--截至2023-06-19 03:01:39.0您宿舍的电费仅剩8.44元，已小于15元。为了防止断电给您造成损失，请及时充值！ 发送到 anzexv@bupt.edu.cn
已完成任务：将 BUPT电费低警告--截至2023-06-19 03:01:39.0您宿舍的电费仅剩8.44元，已小于15元。为了防止断电给您造成损失，请及时充值！ 发送到 anzexv@bupt.edu.cn
已完成任务：将 BUPT电费低警告--截至2023-06-19 03:01:39.0您宿舍的电费仅剩8.44元，已小于15元。为了防止断电给您造成损失，请及时充值！ 发送到 anzexv@bupt.edu.cn
已完成任务：将 BUPT电费低警告--截至2023-06-19 03:01:39.0您宿舍的电费仅剩8.44元，已小于15元。为了防止断电给您造成损失，请及时充值！ 发送到 anzexv@bupt.edu.cn
已完成任务：将 BUPT电费低警告--截至2023-06-19 03:01:39.0您宿舍的电费仅剩8.44元，已小于15元。为了防止断电给您造成损失，请及时充值！ 发送到 anzexv@bupt.edu.cn
已完成任务：将 BUPT电费低警告--截至2023-06-20 03:02:23.0您宿舍的电费仅剩5.73元，已小于15元。为了防止断电给您造成损失，请及时充值！ 发送到 anzexv@bupt.edu.cn
已完成任务：将 BUPT电费低警告--截至2023-06-20 03:02:23.0您宿舍的电费仅剩5.73元，已小于15元。为了防止断电给您造成损失，请及时充值！ 发送到 anzexv@bupt.edu.cn
已完成任务：将 BUPT电费低警告--截至2023-06-20 03:02:23.0您宿舍的电费仅剩5.73元，已小于15元。为了防止断电给您造成损失，请及时充值！ 发送到 anzexv@bupt.edu.cn
已完成任务：将 BUPT电费低警告--截至2023-06-20 03:02:23.0您宿舍的电费仅剩5.73元，已小于15元。为了防止断电给您造成损失，请及时充值！ 发送到 anzexv@bupt.edu.cn
已完成任务：将 BUPT电费低警告--截至2023-06-20 03:02:23.0您宿舍的电费仅剩5.73元，已小于15元。为了防止断电给您造成损失，请及时充值！ 发送到 anzexv@bupt.edu.cn
已完成任务：将 BUPT电费低警告--截至2023-06-20 03:02:23.0您宿舍的电费仅剩5.73元，已小于15元。为了防止断电给您造成损失，请及时充值！ 发送到 anzexv@bupt.edu.cn
已完成任务：将 BUPT电费低警告--截至2023-06-21 03:02:55.0您宿舍的电费仅剩2.48元，已小于15元。为了防止断电给您造成损失，请及时充值！ 发送到 anzexv@bupt.edu.cn
已完成任务：将 BUPT电费低警告--截至2023-06-21 03:02:55.0您宿舍的电费仅剩2.48元，已小于15元。为了防止断电给您造成损失，请及时充值！ 发送到 anzexv@bupt.edu.cn
已完成任务：将 BUPT电费低警告--截至2023-06-21 03:02:55.0您宿舍的电费仅剩2.48元，已小于15元。为了防止断电给您造成损失，请及时充值！ 发送到 anzexv@bupt.edu.cn
已完成任务：将 BUPT电费低警告--截至2023-06-21 03:02:55.0您宿舍的电费仅剩2.48元，已小于15元。为了防止断电给您造成损失，请及时充值！ 发送到 anzexv@bupt.edu.cn
已完成任务：将 BUPT电费低警告--截至2023-06-22 03:02:17.0您宿舍的电费仅剩11.32元，已小于15元。为了防止断电给您造成损失，请及时充值！ 发送到 576245041@qq.com
已完成任务：将 BUPT电费低警告--截至2023-06-23 03:02:24.0您宿舍的电费仅剩4.24元，已小于15元。为了防止断电给您造成损失，请及时充值！ 发送到 576245041@qq.com
已完成任务：将 BUPT电费低警告--截至2023-06-24 03:01:56.0您宿舍的电费仅剩14.24元，已小于15元。为了防止断电给您造成损失，请及时充值！ 发送到 ldcivan@pro-ivan.cn
已完成任务：将 BUPT电费低警告--截至2023-06-25 03:01:45.0您宿舍的电费仅剩9.48元，已小于15元。为了防止断电给您造成损失，请及时充值！ 发送到 ldcivan@pro-ivan.cn
已完成任务：将 BUPT电费低警告--截至2023-06-26 03:02:30.0您宿舍(编号: 190815001330)的电费仅剩5.43元，已小于15元。为了防止断电给您造成损失，请及时充值！ 发送到 000@pro-ivan.cn
已完成任务：将 BUPT电费低警告--截至2023-06-27 10:29:47.0您宿舍(编号: 190815001330)的电费仅剩12.0元，已小于15元。为了防止断电给您造成损失，请及时充值！ 发送到 000@pro-ivan.cn
已完成任务：将 BUPT电费低警告--截至2023-06-28 03:02:01.0您宿舍(编号: 190815001330)的电费仅剩9.58元，已小于15元。为了防止断电给您造成损失，请及时充值！ 发送到 000@pro-ivan.cn
已完成任务：将 BUPT电费低警告--截至2023-06-29 03:02:39.0您宿舍(编号: 190815001330)的电费仅剩6.58元，已小于15元。为了防止断电给您造成损失，请及时充值！ 发送到 000@pro-ivan.cn
已完成任务：将 BUPT电费低警告--截至2023-06-30 03:02:39.0您宿舍(编号: 190815001330)的电费仅剩3.24元，已小于15元。为了防止断电给您造成损失，请及时充值！ 发送到 000@pro-ivan.cn
已完成任务：将 电费监视系统异常--出现错误：<pre>Traceback (most recent call last):
  File "elec_monitor.py", line 70, in <module>
    read_sql()
  File "elec_monitor.py", line 56, in read_sql
    monitor(dromNumber, mailto)
  File "elec_monitor.py", line 25, in monitor
    surplus = float(data["d"]["data"]["surplus"])
TypeError: float() argument must be a string or a number, not 'NoneType'
</pre> 发送到 2531667489@qq.com
已完成任务：将 BUPT电费低警告--截至2023-06-30 18:24:59.0您宿舍(编号: 190815001330)的电费仅剩12.0元，已小于15元。为了防止断电给您造成损失，请及时充值！ 发送到 000@pro-ivan.cn
已完成任务：将 电费监视系统异常--读取-监视部分出现错误：<pre>Traceback (most recent call last):
  File "elec_monitor.py", line 59, in read_sql
    monitor(dromNumber, mailto)
  File "elec_monitor.py", line 25, in monitor
    surplus = float(data["d"]["data"]["surplus"])
TypeError: float() argument must be a string or a number, not 'NoneType'
</pre> 发送到 2531667489@qq.com
已完成任务：将 电费监视系统异常--读取-监视部分出现错误：<pre>Traceback (most recent call last):
  File "elec_monitor.py", line 59, in read_sql
    monitor(dromNumber, mailto)
  File "elec_monitor.py", line 25, in monitor
    surplus = float(data["d"]["data"]["surplus"])
TypeError: float() argument must be a string or a number, not 'NoneType'
</pre> 发送到 2531667489@qq.com
已完成任务：将 电费监视系统异常--读取-监视部分出现错误：<pre>Traceback (most recent call last):
  File "elec_monitor.py", line 59, in read_sql
    monitor(dromNumber, mailto)
  File "elec_monitor.py", line 25, in monitor
    surplus = float(data["d"]["data"]["surplus"])
TypeError: float() argument must be a string or a number, not 'NoneType'
</pre> 发送到 2531667489@qq.com
已完成任务：将 电费监视系统异常--读取-监视部分出现错误：<pre>Traceback (most recent call last):
  File "elec_monitor.py", line 59, in read_sql
    monitor(dromNumber, mailto)
  File "elec_monitor.py", line 25, in monitor
    surplus = float(data["d"]["data"]["surplus"])
TypeError: float() argument must be a string or a number, not 'NoneType'
</pre> 发送到 2531667489@qq.com
已完成任务：将 电费监视系统异常--读取-监视部分出现错误：<pre>Traceback (most recent call last):
  File "elec_monitor.py", line 59, in read_sql
    monitor(dromNumber, mailto)
  File "elec_monitor.py", line 25, in monitor
    surplus = float(data["d"]["data"]["surplus"])
TypeError: float() argument must be a string or a number, not 'NoneType'
</pre> 发送到 2531667489@qq.com
已完成任务：将 电费监视系统异常--读取-监视部分出现错误：<pre>Traceback (most recent call last):
  File "elec_monitor.py", line 59, in read_sql
    monitor(dromNumber, mailto)
  File "elec_monitor.py", line 25, in monitor
    surplus = float(data["d"]["data"]["surplus"])
TypeError: float() argument must be a string or a number, not 'NoneType'
</pre> 发送到 2531667489@qq.com
已完成任务：将 电费监视系统异常--读取-监视部分出现错误：<pre>Traceback (most recent call last):
  File "elec_monitor.py", line 59, in read_sql
    monitor(dromNumber, mailto)
  File "elec_monitor.py", line 25, in monitor
    surplus = float(data["d"]["data"]["surplus"])
TypeError: float() argument must be a string or a number, not 'NoneType'
</pre> 发送到 2531667489@qq.com
已完成任务：将 电费监视系统异常--读取-监视部分出现错误：<pre>Traceback (most recent call last):
  File "elec_monitor.py", line 59, in read_sql
    monitor(dromNumber, mailto)
  File "elec_monitor.py", line 25, in monitor
    surplus = float(data["d"]["data"]["surplus"])
TypeError: float() argument must be a string or a number, not 'NoneType'
</pre> 发送到 2531667489@qq.com
已完成任务：将 电费监视系统异常--读取-监视部分出现错误：<pre>Traceback (most recent call last):
  File "elec_monitor.py", line 59, in read_sql
    monitor(dromNumber, mailto)
  File "elec_monitor.py", line 25, in monitor
    surplus = float(data["d"]["data"]["surplus"])
TypeError: float() argument must be a string or a number, not 'NoneType'
</pre> 发送到 2531667489@qq.com
已完成任务：将 电费监视系统异常--读取-监视部分出现错误：<pre>Traceback (most recent call last):
  File "elec_monitor.py", line 59, in read_sql
    monitor(dromNumber, mailto)
  File "elec_monitor.py", line 25, in monitor
    surplus = float(data["d"]["data"]["surplus"])
TypeError: float() argument must be a string or a number, not 'NoneType'
</pre> 发送到 2531667489@qq.com
已完成任务：将 电费监视系统异常--读取-监视部分出现错误：<pre>Traceback (most recent call last):
  File "elec_monitor.py", line 59, in read_sql
    monitor(dromNumber, mailto)
  File "elec_monitor.py", line 25, in monitor
    surplus = float(data["d"]["data"]["surplus"])
TypeError: float() argument must be a string or a number, not 'NoneType'
</pre> 发送到 2531667489@qq.com
已完成任务：将 电费监视系统异常--读取-监视部分出现错误：<pre>Traceback (most recent call last):
  File "elec_monitor.py", line 59, in read_sql
    monitor(dromNumber, mailto)
  File "elec_monitor.py", line 25, in monitor
    surplus = float(data["d"]["data"]["surplus"])
TypeError: float() argument must be a string or a number, not 'NoneType'
</pre> 发送到 2531667489@qq.com
已完成任务：将 电费监视系统异常--读取-监视部分出现错误：<pre>Traceback (most recent call last):
  File "elec_monitor.py", line 59, in read_sql
    monitor(dromNumber, mailto)
  File "elec_monitor.py", line 25, in monitor
    surplus = float(data["d"]["data"]["surplus"])
TypeError: float() argument must be a string or a number, not 'NoneType'
</pre> 发送到 2531667489@qq.com
已完成任务：将 电费监视系统异常--读取-监视部分出现错误：<pre>Traceback (most recent call last):
  File "elec_monitor.py", line 59, in read_sql
    monitor(dromNumber, mailto)
  File "elec_monitor.py", line 25, in monitor
    surplus = float(data["d"]["data"]["surplus"])
TypeError: float() argument must be a string or a number, not 'NoneType'
</pre> 发送到 2531667489@qq.com
已完成任务：将 电费监视系统异常--读取-监视部分出现错误：<pre>Traceback (most recent call last):
  File "elec_monitor.py", line 59, in read_sql
    monitor(dromNumber, mailto)
  File "elec_monitor.py", line 25, in monitor
    surplus = float(data["d"]["data"]["surplus"])
TypeError: float() argument must be a string or a number, not 'NoneType'
</pre> 发送到 2531667489@qq.com
已完成任务：将 电费监视系统异常--读取-监视部分出现错误：<pre>Traceback (most recent call last):
  File "elec_monitor.py", line 59, in read_sql
    monitor(dromNumber, mailto)
  File "elec_monitor.py", line 25, in monitor
    surplus = float(data["d"]["data"]["surplus"])
TypeError: float() argument must be a string or a number, not 'NoneType'
</pre> 发送到 2531667489@qq.com
已完成任务：将 电费监视系统异常--读取-监视部分出现错误：<pre>Traceback (most recent call last):
  File "elec_monitor.py", line 59, in read_sql
    monitor(dromNumber, mailto)
  File "elec_monitor.py", line 25, in monitor
    surplus = float(data["d"]["data"]["surplus"])
TypeError: float() argument must be a string or a number, not 'NoneType'
</pre> 发送到 2531667489@qq.com
已完成任务：将 电费监视系统异常--读取-监视部分出现错误：<pre>Traceback (most recent call last):
  File "elec_monitor.py", line 59, in read_sql
    monitor(dromNumber, mailto)
  File "elec_monitor.py", line 25, in monitor
    surplus = float(data["d"]["data"]["surplus"])
TypeError: float() argument must be a string or a number, not 'NoneType'
</pre> 发送到 2531667489@qq.com
已完成任务：将 电费监视系统异常--读取-监视部分出现错误：<pre>Traceback (most recent call last):
  File "elec_monitor.py", line 59, in read_sql
    monitor(dromNumber, mailto)
  File "elec_monitor.py", line 25, in monitor
    surplus = float(data["d"]["data"]["surplus"])
TypeError: float() argument must be a string or a number, not 'NoneType'
</pre> 发送到 2531667489@qq.com
已完成任务：将 电费监视系统异常--读取-监视部分出现错误：<pre>Traceback (most recent call last):
  File "elec_monitor.py", line 59, in read_sql
    monitor(dromNumber, mailto)
  File "elec_monitor.py", line 25, in monitor
    surplus = float(data["d"]["data"]["surplus"])
TypeError: float() argument must be a string or a number, not 'NoneType'
</pre> 发送到 2531667489@qq.com
已完成任务：将 电费监视系统异常--读取-监视部分出现错误：<pre>Traceback (most recent call last):
  File "elec_monitor.py", line 59, in read_sql
    monitor(dromNumber, mailto)
  File "elec_monitor.py", line 25, in monitor
    surplus = float(data["d"]["data"]["surplus"])
TypeError: float() argument must be a string or a number, not 'NoneType'
</pre> 发送到 2531667489@qq.com
已完成任务：将 电费监视系统异常--读取-监视部分出现错误：<pre>Traceback (most recent call last):
  File "elec_monitor.py", line 59, in read_sql
    monitor(dromNumber, mailto)
  File "elec_monitor.py", line 25, in monitor
    surplus = float(data["d"]["data"]["surplus"])
TypeError: float() argument must be a string or a number, not 'NoneType'
</pre> 发送到 2531667489@qq.com
已完成任务：将 电费监视系统异常--读取-监视部分出现错误：<pre>Traceback (most recent call last):
  File "elec_monitor.py", line 59, in read_sql
    monitor(dromNumber, mailto)
  File "elec_monitor.py", line 25, in monitor
    surplus = float(data["d"]["data"]["surplus"])
TypeError: float() argument must be a string or a number, not 'NoneType'
</pre> 发送到 2531667489@qq.com
已完成任务：将 电费监视系统异常--读取-监视部分出现错误：<pre>Traceback (most recent call last):
  File "elec_monitor.py", line 59, in read_sql
    monitor(dromNumber, mailto)
  File "elec_monitor.py", line 25, in monitor
    surplus = float(data["d"]["data"]["surplus"])
TypeError: float() argument must be a string or a number, not 'NoneType'
</pre> 发送到 2531667489@qq.com
已完成任务：将 电费监视系统异常--读取-监视部分出现错误：<pre>Traceback (most recent call last):
  File "elec_monitor.py", line 59, in read_sql
    monitor(dromNumber, mailto)
  File "elec_monitor.py", line 25, in monitor
    surplus = float(data["d"]["data"]["surplus"])
TypeError: float() argument must be a string or a number, not 'NoneType'
</pre> 发送到 2531667489@qq.com
已完成任务：将 电费监视系统异常--读取-监视部分出现错误：<pre>Traceback (most recent call last):
  File "elec_monitor.py", line 59, in read_sql
    monitor(dromNumber, mailto)
  File "elec_monitor.py", line 25, in monitor
    surplus = float(data["d"]["data"]["surplus"])
TypeError: float() argument must be a string or a number, not 'NoneType'
</pre> 发送到 2531667489@qq.com
已完成任务：将 电费监视系统异常--读取-监视部分出现错误：<pre>Traceback (most recent call last):
  File "elec_monitor.py", line 59, in read_sql
    monitor(dromNumber, mailto)
  File "elec_monitor.py", line 25, in monitor
    surplus = float(data["d"]["data"]["surplus"])
TypeError: float() argument must be a string or a number, not 'NoneType'
</pre> 发送到 2531667489@qq.com
已完成任务：将 电费监视系统异常--读取-监视部分出现错误：<pre>Traceback (most recent call last):
  File "elec_monitor.py", line 59, in read_sql
    monitor(dromNumber, mailto)
  File "elec_monitor.py", line 25, in monitor
    surplus = float(data["d"]["data"]["surplus"])
TypeError: float() argument must be a string or a number, not 'NoneType'
</pre> 发送到 2531667489@qq.com
已完成任务：将 电费监视系统异常--读取-监视部分出现错误：<pre>Traceback (most recent call last):
  File "elec_monitor.py", line 59, in read_sql
    monitor(dromNumber, mailto)
  File "elec_monitor.py", line 25, in monitor
    surplus = float(data["d"]["data"]["surplus"])
TypeError: float() argument must be a string or a number, not 'NoneType'
</pre> 发送到 2531667489@qq.com
已完成任务：将 电费监视系统异常--读取-监视部分出现错误：<pre>Traceback (most recent call last):
  File "elec_monitor.py", line 59, in read_sql
    monitor(dromNumber, mailto)
  File "elec_monitor.py", line 25, in monitor
    surplus = float(data["d"]["data"]["surplus"])
TypeError: float() argument must be a string or a number, not 'NoneType'
</pre> 发送到 2531667489@qq.com
已完成任务：将 电费监视系统异常--读取-监视部分出现错误：<pre>Traceback (most recent call last):
  File "elec_monitor.py", line 59, in read_sql
    monitor(dromNumber, mailto)
  File "elec_monitor.py", line 25, in monitor
    surplus = float(data["d"]["data"]["surplus"])
TypeError: float() argument must be a string or a number, not 'NoneType'
</pre> 发送到 2531667489@qq.com
已完成任务：将 电费监视系统异常--读取-监视部分出现错误：<pre>Traceback (most recent call last):
  File "elec_monitor.py", line 59, in read_sql
    monitor(dromNumber, mailto)
  File "elec_monitor.py", line 25, in monitor
    surplus = float(data["d"]["data"]["surplus"])
TypeError: float() argument must be a string or a number, not 'NoneType'
</pre> 发送到 2531667489@qq.com
已完成任务：将 电费监视系统异常--读取-监视部分出现错误：<pre>Traceback (most recent call last):
  File "elec_monitor.py", line 59, in read_sql
    monitor(dromNumber, mailto)
  File "elec_monitor.py", line 25, in monitor
    surplus = float(data["d"]["data"]["surplus"])
TypeError: float() argument must be a string or a number, not 'NoneType'
</pre> 发送到 2531667489@qq.com
已完成任务：将 电费监视系统异常--读取-监视部分出现错误：<pre>Traceback (most recent call last):
  File "elec_monitor.py", line 59, in read_sql
    monitor(dromNumber, mailto)
  File "elec_monitor.py", line 25, in monitor
    surplus = float(data["d"]["data"]["surplus"])
TypeError: float() argument must be a string or a number, not 'NoneType'
</pre> 发送到 2531667489@qq.com
已完成任务：将 电费监视系统异常--读取-监视部分出现错误：<pre>Traceback (most recent call last):
  File "elec_monitor.py", line 59, in read_sql
    monitor(dromNumber, mailto)
  File "elec_monitor.py", line 25, in monitor
    surplus = float(data["d"]["data"]["surplus"])
TypeError: float() argument must be a string or a number, not 'NoneType'
</pre> 发送到 2531667489@qq.com
已完成任务：将 电费监视系统异常--读取-监视部分出现错误：<pre>Traceback (most recent call last):
  File "elec_monitor.py", line 59, in read_sql
    monitor(dromNumber, mailto)
  File "elec_monitor.py", line 25, in monitor
    surplus = float(data["d"]["data"]["surplus"])
TypeError: float() argument must be a string or a number, not 'NoneType'
</pre> 发送到 2531667489@qq.com
已完成任务：将 电费监视系统异常--读取-监视部分出现错误：<pre>Traceback (most recent call last):
  File "elec_monitor.py", line 59, in read_sql
    monitor(dromNumber, mailto)
  File "elec_monitor.py", line 25, in monitor
    surplus = float(data["d"]["data"]["surplus"])
TypeError: float() argument must be a string or a number, not 'NoneType'
</pre> 发送到 2531667489@qq.com
已完成任务：将 电费监视系统异常--读取-监视部分出现错误：<pre>Traceback (most recent call last):
  File "elec_monitor.py", line 59, in read_sql
    monitor(dromNumber, mailto)
  File "elec_monitor.py", line 25, in monitor
    surplus = float(data["d"]["data"]["surplus"])
TypeError: float() argument must be a string or a number, not 'NoneType'
</pre> 发送到 2531667489@qq.com
已完成任务：将 电费监视系统异常--读取-监视部分出现错误：<pre>Traceback (most recent call last):
  File "elec_monitor.py", line 59, in read_sql
    monitor(dromNumber, mailto)
  File "elec_monitor.py", line 25, in monitor
    surplus = float(data["d"]["data"]["surplus"])
TypeError: float() argument must be a string or a number, not 'NoneType'
</pre> 发送到 2531667489@qq.com
已完成任务：将 电费监视系统异常--读取-监视部分出现错误：<pre>Traceback (most recent call last):
  File "elec_monitor.py", line 59, in read_sql
    monitor(dromNumber, mailto)
  File "elec_monitor.py", line 25, in monitor
    surplus = float(data["d"]["data"]["surplus"])
TypeError: float() argument must be a string or a number, not 'NoneType'
</pre> 发送到 2531667489@qq.com
已完成任务：将 电费监视系统异常--读取-监视部分出现错误：<pre>Traceback (most recent call last):
  File "elec_monitor.py", line 59, in read_sql
    monitor(dromNumber, mailto)
  File "elec_monitor.py", line 25, in monitor
    surplus = float(data["d"]["data"]["surplus"])
TypeError: float() argument must be a string or a number, not 'NoneType'
</pre> 发送到 2531667489@qq.com
已完成任务：将 电费监视系统异常--读取-监视部分出现错误：<pre>Traceback (most recent call last):
  File "elec_monitor.py", line 59, in read_sql
    monitor(dromNumber, mailto)
  File "elec_monitor.py", line 25, in monitor
    surplus = float(data["d"]["data"]["surplus"])
TypeError: float() argument must be a string or a number, not 'NoneType'
</pre> 发送到 2531667489@qq.com
已完成任务：将 电费监视系统异常--读取-监视部分出现错误：<pre>Traceback (most recent call last):
  File "elec_monitor.py", line 59, in read_sql
    monitor(dromNumber, mailto)
  File "elec_monitor.py", line 25, in monitor
    surplus = float(data["d"]["data"]["surplus"])
TypeError: float() argument must be a string or a number, not 'NoneType'
</pre> 发送到 2531667489@qq.com
已完成任务：将 电费监视系统异常--读取-监视部分出现错误：<pre>Traceback (most recent call last):
  File "elec_monitor.py", line 59, in read_sql
    monitor(dromNumber, mailto)
  File "elec_monitor.py", line 25, in monitor
    surplus = float(data["d"]["data"]["surplus"])
TypeError: float() argument must be a string or a number, not 'NoneType'
</pre> 发送到 2531667489@qq.com
已完成任务：将 电费监视系统异常--读取-监视部分出现错误：<pre>Traceback (most recent call last):
  File "elec_monitor.py", line 59, in read_sql
    monitor(dromNumber, mailto)
  File "elec_monitor.py", line 25, in monitor
    surplus = float(data["d"]["data"]["surplus"])
TypeError: float() argument must be a string or a number, not 'NoneType'
</pre> 发送到 2531667489@qq.com
已完成任务：将 电费监视系统异常--读取-监视部分出现错误：<pre>Traceback (most recent call last):
  File "elec_monitor.py", line 59, in read_sql
    monitor(dromNumber, mailto)
  File "elec_monitor.py", line 25, in monitor
    surplus = float(data["d"]["data"]["surplus"])
TypeError: float() argument must be a string or a number, not 'NoneType'
</pre> 发送到 2531667489@qq.com
已完成任务：将 BUPT电费低警告--截至2023-06-30 18:24:59.0您宿舍(编号: 190815001330)的电费仅剩12.0元，已小于15元。为了防止断电给您造成损失，请及时充值！ 发送到 000@pro-ivan.cn
已完成任务：将 电费监视系统异常--总循环出现错误：<pre>Traceback (most recent call last):
  File "elec_monitor.py", line 60, in read_sql
    monitor(dromNumber, mailto)
  File "elec_monitor.py", line 25, in monitor
    surplus = float(data["d"]["data"]["surplus"])
TypeError: float() argument must be a string or a number, not 'NoneType'

During handling of the above exception, another exception occurred:

Traceback (most recent call last):
  File "elec_monitor.py", line 82, in <module>
    read_sql()
  File "elec_monitor.py", line 66, in read_sql
    'body': f'读取-监视部分出现错误：<pre>{traceback.format_exc()}{monitor(dromNumber, mailto)}</pre>'}
  File "elec_monitor.py", line 25, in monitor
    surplus = float(data["d"]["data"]["surplus"])
TypeError: float() argument must be a string or a number, not 'NoneType'
</pre> 发送到 2531667489@qq.com
已完成任务：将 BUPT电费低警告--截至2023-06-30 18:24:59.0您宿舍(编号: 190815001330)的电费仅剩12.0元，已小于15元。为了防止断电给您造成损失，请及时充值！ 发送到 2531667489@qq.com
已完成任务：将 BUPT电费低警告--截至2023-06-30 18:24:59.0您宿舍(编号: 190815001330)的电费仅剩12.0元，已小于15元。为了防止断电给您造成损失，请及时充值！ 发送到 000@pro-ivan.cn
已完成任务：将 电费监视系统异常--读取-监视部分出现错误(宿舍编号: 204)：<pre>Traceback (most recent call last):
  File "elec_monitor.py", line 60, in read_sql
    monitor(dromNumber, mailto)
  File "elec_monitor.py", line 25, in monitor
    surplus = float(data["d"]["data"]["surplus"])
TypeError: float() argument must be a string or a number, not 'NoneType'
</pre> 发送到 2531667489@qq.com
已完成任务：将 BUPT电费低警告--截至2023-06-30 18:24:59.0您宿舍(编号: 190815001330)的电费仅剩12.0元，已小于15元。为了防止断电给您造成损失，请及时充值！ 发送到 000@pro-ivan.cn
已完成任务：将 电费监视系统异常--总循环出现错误：<pre>Traceback (most recent call last):
  File "elec_monitor.py", line 60, in read_sql
    monitor(dromNumber, mailto)
  File "elec_monitor.py", line 25, in monitor
    surplus = float(data["d"]["data"]["surplus"])
TypeError: float() argument must be a string or a number, not 'NoneType'

During handling of the above exception, another exception occurred:

Traceback (most recent call last):
  File "elec_monitor.py", line 83, in <module>
    read_sql()
  File "elec_monitor.py", line 64, in read_sql
    if retry == 5 or monitor(dromNumber, mailto) is None:
  File "elec_monitor.py", line 25, in monitor
    surplus = float(data["d"]["data"]["surplus"])
TypeError: float() argument must be a string or a number, not 'NoneType'
</pre> 发送到 2531667489@qq.com
已完成任务：将 BUPT电费低警告--截至2023-06-30 18:24:59.0您宿舍(编号: 190815001330)的电费仅剩12.0元，已小于15元。为了防止断电给您造成损失，请及时充值！ 发送到 000@pro-ivan.cn
已完成任务：将 BUPT电费低警告--截至Null您宿舍(编号: 204)的电费仅剩Null元，已小于15元。为了防止断电给您造成损失，请及时充值！ 发送到 000@pro-ivan.cn
已完成任务：将 BUPT电费低警告--截至Null您宿舍(编号: 302)的电费仅剩Null元，已小于15元。为了防止断电给您造成损失，请及时充值！ 发送到 000@pro-ivan.cn
已完成任务：将 BUPT电费低警告--截至2023-07-01 03:06:00.0您宿舍(编号: 190815001330)的电费仅剩9.21元，已小于15元。为了防止断电给您造成损失，请及时充值！ 发送到 000@pro-ivan.cn
已完成任务：将 BUPT电费低警告--截至2023-07-02 03:01:42.0您宿舍(编号: 190815001330)的电费仅剩5.22元，已小于15元。为了防止断电给您造成损失，请及时充值！ 发送到 000@pro-ivan.cn
已完成任务：将 BUPT电费低警告--截至2023-07-06 03:02:50.0您宿舍(编号: 190815001330)的电费仅剩14.12元，已小于15元。为了防止断电给您造成损失，请及时充值！ 发送到 000@pro-ivan.cn
已完成任务：将 BUPT电费低警告--截至2023-07-09 03:07:51.0您宿舍(编号: 190815001319)的电费仅剩6.61元，已小于15元。为了防止断电给您造成损失，请及时充值！ 发送到 576245041@qq.com
已完成任务：将 BUPT电费低警告--截至2023-07-09 03:03:06.0您宿舍(编号: 190815001330)的电费仅剩9.8元，已小于15元。为了防止断电给您造成损失，请及时充值！ 发送到 000@pro-ivan.cn
已完成任务：将 BUPT电费低警告--截至2023-07-10 03:03:06.0您宿舍(编号: 190815001330)的电费仅剩3.74元，已小于15元。为了防止断电给您造成损失，请及时充值！ 发送到 000@pro-ivan.cn
已完成任务：将 BUPT电费低警告--截至2023-07-11 03:03:27.0您宿舍(编号: 190815001330)的电费仅剩10.04元，已小于15元。为了防止断电给您造成损失，请及时充值！ 发送到 000@pro-ivan.cn
已完成任务：将 BUPT电费低警告--截至2023-07-12 03:03:38.0您宿舍(编号: 190815001319)的电费仅剩9.82元，已小于15元。为了防止断电给您造成损失，请及时充值！ 发送到 576245041@qq.com
已完成任务：将 BUPT电费低警告--截至2023-07-13 03:04:35.0您宿舍(编号: 190815001319)的电费仅剩2.08元，已小于15元。为了防止断电给您造成损失，请及时充值！ 发送到 576245041@qq.com
已完成任务：将 BUPT电费低警告--截至2023-07-13 03:04:45.0您宿舍(编号: 190815001330)的电费仅剩8.88元，已小于15元。为了防止断电给您造成损失，请及时充值！ 发送到 000@pro-ivan.cn
已完成任务：将 BUPT电费低警告--截至2023-07-14 03:03:38.0您宿舍(编号: 190815001330)的电费仅剩5.28元，已小于15元。为了防止断电给您造成损失，请及时充值！ 发送到 000@pro-ivan.cn
已完成任务：将 BUPT电费低警告--截至2023-07-15 03:04:38.0您宿舍(编号: 190815001330)的电费仅剩2.31元，已小于15元。为了防止断电给您造成损失，请及时充值！ 发送到 000@pro-ivan.cn
已完成任务：将 BUPT电费低警告--截至2023-07-24 03:12:45.0您宿舍(编号: 190815001330)的电费仅剩10.13元，已小于15元。为了防止断电给您造成损失，请及时充值！ 发送到 000@pro-ivan.cn
已完成任务：将 BUPT电费低警告--截至2023-07-25 03:40:15.0您宿舍(编号: 190815001319)的电费仅剩8.46元，已小于15元。为了防止断电给您造成损失，请及时充值！ 发送到 576245041@qq.com
已完成任务：将 BUPT电费低警告--截至2023-07-25 03:21:41.0您宿舍(编号: 190815001330)的电费仅剩4.43元，已小于15元。为了防止断电给您造成损失，请及时充值！ 发送到 000@pro-ivan.cn
已完成任务：将 电费监视系统异常--读取-监视部分出现错误(宿舍编号: 190815001313)：<pre>Traceback (most recent call last):
  File "elec_monitor.py", line 80, in read_sql
    monitor(dromNumber, mailto)
  File "elec_monitor.py", line 24, in monitor
    data = json.loads(response.text)
  File "/usr/local/python3/lib/python3.8/json/__init__.py", line 357, in loads
    return _default_decoder.decode(s)
  File "/usr/local/python3/lib/python3.8/json/decoder.py", line 337, in decode
    obj, end = self.raw_decode(s, idx=_w(s, 0).end())
  File "/usr/local/python3/lib/python3.8/json/decoder.py", line 355, in raw_decode
    raise JSONDecodeError("Expecting value", s, err.value) from None
json.decoder.JSONDecodeError: Expecting value: line 1 column 1 (char 0)
</pre> 发送到 2531667489@qq.com
已完成任务：将 电费监视系统异常--读取-监视部分出现错误(宿舍编号: 190815001319)：<pre>Traceback (most recent call last):
  File "elec_monitor.py", line 80, in read_sql
    monitor(dromNumber, mailto)
  File "elec_monitor.py", line 24, in monitor
    data = json.loads(response.text)
  File "/usr/local/python3/lib/python3.8/json/__init__.py", line 357, in loads
    return _default_decoder.decode(s)
  File "/usr/local/python3/lib/python3.8/json/decoder.py", line 337, in decode
    obj, end = self.raw_decode(s, idx=_w(s, 0).end())
  File "/usr/local/python3/lib/python3.8/json/decoder.py", line 355, in raw_decode
    raise JSONDecodeError("Expecting value", s, err.value) from None
json.decoder.JSONDecodeError: Expecting value: line 1 column 1 (char 0)
</pre> 发送到 2531667489@qq.com
已完成任务：将 电费监视系统异常--读取-监视部分出现错误(宿舍编号: 190815001313)：<pre>Traceback (most recent call last):
  File "elec_monitor.py", line 80, in read_sql
    monitor(dromNumber, mailto)
  File "elec_monitor.py", line 24, in monitor
    data = json.loads(response.text)
  File "/usr/local/python3/lib/python3.8/json/__init__.py", line 357, in loads
    return _default_decoder.decode(s)
  File "/usr/local/python3/lib/python3.8/json/decoder.py", line 337, in decode
    obj, end = self.raw_decode(s, idx=_w(s, 0).end())
  File "/usr/local/python3/lib/python3.8/json/decoder.py", line 355, in raw_decode
    raise JSONDecodeError("Expecting value", s, err.value) from None
json.decoder.JSONDecodeError: Expecting value: line 1 column 1 (char 0)
</pre> 发送到 2531667489@qq.com
已完成任务：将 电费监视系统异常--读取-监视部分出现错误(宿舍编号: 190815001319)：<pre>Traceback (most recent call last):
  File "elec_monitor.py", line 80, in read_sql
    monitor(dromNumber, mailto)
  File "elec_monitor.py", line 24, in monitor
    data = json.loads(response.text)
  File "/usr/local/python3/lib/python3.8/json/__init__.py", line 357, in loads
    return _default_decoder.decode(s)
  File "/usr/local/python3/lib/python3.8/json/decoder.py", line 337, in decode
    obj, end = self.raw_decode(s, idx=_w(s, 0).end())
  File "/usr/local/python3/lib/python3.8/json/decoder.py", line 355, in raw_decode
    raise JSONDecodeError("Expecting value", s, err.value) from None
json.decoder.JSONDecodeError: Expecting value: line 1 column 1 (char 0)
</pre> 发送到 2531667489@qq.com
已完成任务：将 电费监视系统异常--读取-监视部分出现错误(宿舍编号: 190815001313)：<pre>Traceback (most recent call last):
  File "elec_monitor.py", line 85, in read_sql
    monitor(dromNumber, mailto)
  File "elec_monitor.py", line 29, in monitor
    data = json.loads(response.text)
  File "/usr/local/python3/lib/python3.8/json/__init__.py", line 357, in loads
    return _default_decoder.decode(s)
  File "/usr/local/python3/lib/python3.8/json/decoder.py", line 337, in decode
    obj, end = self.raw_decode(s, idx=_w(s, 0).end())
  File "/usr/local/python3/lib/python3.8/json/decoder.py", line 355, in raw_decode
    raise JSONDecodeError("Expecting value", s, err.value) from None
json.decoder.JSONDecodeError: Expecting value: line 1 column 1 (char 0)
</pre> 发送到 2531667489@qq.com
已完成任务：将 电费监视系统异常--读取-监视部分出现错误(宿舍编号: 190815001319)：<pre>Traceback (most recent call last):
  File "elec_monitor.py", line 85, in read_sql
    monitor(dromNumber, mailto)
  File "elec_monitor.py", line 29, in monitor
    data = json.loads(response.text)
  File "/usr/local/python3/lib/python3.8/json/__init__.py", line 357, in loads
    return _default_decoder.decode(s)
  File "/usr/local/python3/lib/python3.8/json/decoder.py", line 337, in decode
    obj, end = self.raw_decode(s, idx=_w(s, 0).end())
  File "/usr/local/python3/lib/python3.8/json/decoder.py", line 355, in raw_decode
    raise JSONDecodeError("Expecting value", s, err.value) from None
json.decoder.JSONDecodeError: Expecting value: line 1 column 1 (char 0)
</pre> 发送到 2531667489@qq.com
已完成任务：将 电费监视系统异常--读取-监视部分出现错误(宿舍编号: 190815001313)：<pre>Traceback (most recent call last):
  File "elec_monitor.py", line 85, in read_sql
    monitor(dromNumber, mailto)
  File "elec_monitor.py", line 29, in monitor
    data = json.loads(response.text)
  File "/usr/local/python3/lib/python3.8/json/__init__.py", line 357, in loads
    return _default_decoder.decode(s)
  File "/usr/local/python3/lib/python3.8/json/decoder.py", line 337, in decode
    obj, end = self.raw_decode(s, idx=_w(s, 0).end())
  File "/usr/local/python3/lib/python3.8/json/decoder.py", line 355, in raw_decode
    raise JSONDecodeError("Expecting value", s, err.value) from None
json.decoder.JSONDecodeError: Expecting value: line 1 column 1 (char 0)
</pre> 发送到 2531667489@qq.com
已完成任务：将 电费监视系统异常--读取-监视部分出现错误(宿舍编号: 190815001319)：<pre>Traceback (most recent call last):
  File "elec_monitor.py", line 85, in read_sql
    monitor(dromNumber, mailto)
  File "elec_monitor.py", line 29, in monitor
    data = json.loads(response.text)
  File "/usr/local/python3/lib/python3.8/json/__init__.py", line 357, in loads
    return _default_decoder.decode(s)
  File "/usr/local/python3/lib/python3.8/json/decoder.py", line 337, in decode
    obj, end = self.raw_decode(s, idx=_w(s, 0).end())
  File "/usr/local/python3/lib/python3.8/json/decoder.py", line 355, in raw_decode
    raise JSONDecodeError("Expecting value", s, err.value) from None
json.decoder.JSONDecodeError: Expecting value: line 1 column 1 (char 0)
</pre> 发送到 2531667489@qq.com
已完成任务：将 电费监视系统异常--读取-监视部分出现错误(宿舍编号: 190815001313)：<pre>Traceback (most recent call last):
  File "elec_monitor.py", line 80, in read_sql
    monitor(dromNumber, mailto)
  File "elec_monitor.py", line 24, in monitor
    data = json.loads(response.text)
  File "/usr/local/python3/lib/python3.8/json/__init__.py", line 357, in loads
    return _default_decoder.decode(s)
  File "/usr/local/python3/lib/python3.8/json/decoder.py", line 337, in decode
    obj, end = self.raw_decode(s, idx=_w(s, 0).end())
  File "/usr/local/python3/lib/python3.8/json/decoder.py", line 355, in raw_decode
    raise JSONDecodeError("Expecting value", s, err.value) from None
json.decoder.JSONDecodeError: Expecting value: line 1 column 1 (char 0)
</pre> 发送到 2531667489@qq.com
已完成任务：将 电费监视系统异常--读取-监视部分出现错误(宿舍编号: 190815001319)：<pre>Traceback (most recent call last):
  File "elec_monitor.py", line 80, in read_sql
    monitor(dromNumber, mailto)
  File "elec_monitor.py", line 24, in monitor
    data = json.loads(response.text)
  File "/usr/local/python3/lib/python3.8/json/__init__.py", line 357, in loads
    return _default_decoder.decode(s)
  File "/usr/local/python3/lib/python3.8/json/decoder.py", line 337, in decode
    obj, end = self.raw_decode(s, idx=_w(s, 0).end())
  File "/usr/local/python3/lib/python3.8/json/decoder.py", line 355, in raw_decode
    raise JSONDecodeError("Expecting value", s, err.value) from None
json.decoder.JSONDecodeError: Expecting value: line 1 column 1 (char 0)
</pre> 发送到 2531667489@qq.com
已完成任务：将 电费监视系统异常--读取-监视部分出现错误(宿舍编号: 190815001313)：<pre>Traceback (most recent call last):
  File "elec_monitor.py", line 90, in read_sql
    monitor(dromNumber, mailto)
  File "elec_monitor.py", line 35, in monitor
    msg = data["m"]
UnboundLocalError: local variable 'data' referenced before assignment
</pre> 发送到 2531667489@qq.com
已完成任务：将 电费监视系统异常--读取-监视部分出现错误(宿舍编号: 190815001319)：<pre>Traceback (most recent call last):
  File "elec_monitor.py", line 90, in read_sql
    monitor(dromNumber, mailto)
  File "elec_monitor.py", line 35, in monitor
    msg = data["m"]
UnboundLocalError: local variable 'data' referenced before assignment
</pre> 发送到 2531667489@qq.com
已完成任务：将 电费监视系统异常--总循环出现错误：<pre>Traceback (most recent call last):
  File "elec_monitor.py", line 103, in <module>
    read_sql()
NameError: name 'read_sql' is not defined
</pre> 发送到 2531667489@qq.com
已完成任务：将 BUPT电费低警告--截至2023-07-28 03:52:17.0您宿舍(编号: 190815001313)的电费仅剩12.83元，已小于15元。为了防止断电给您造成损失，请及时充值！ 发送到 2531667489@qq.com
已完成任务：将 BUPT电费低警告--截至2023-07-28 03:35:56.0您宿舍(编号: 190815001319)的电费仅剩8.92元，已小于15元。为了防止断电给您造成损失，请及时充值！ 发送到 576245041@qq.com
已完成任务：将 BUPT电费低警告--截至2023-07-29 03:55:11.0您宿舍(编号: 190815001313)的电费仅剩10.46元，已小于15元。为了防止断电给您造成损失，请及时充值！ 发送到 2531667489@qq.com
已完成任务：将 电费监视系统异常--读取-监视部分出现错误(宿舍编号: 190815001313)：<pre>Traceback (most recent call last):
  File "elec_monitor_proxy.py", line 100, in read_sql
    monitor(dromNumber, mailto)
  File "elec_monitor_proxy.py", line 44, in monitor
    data = json.loads(response.text)
  File "/usr/local/python3/lib/python3.8/json/__init__.py", line 357, in loads
    return _default_decoder.decode(s)
  File "/usr/local/python3/lib/python3.8/json/decoder.py", line 337, in decode
    obj, end = self.raw_decode(s, idx=_w(s, 0).end())
  File "/usr/local/python3/lib/python3.8/json/decoder.py", line 355, in raw_decode
    raise JSONDecodeError("Expecting value", s, err.value) from None
json.decoder.JSONDecodeError: Expecting value: line 1 column 1 (char 0)
</pre> 发送到 2531667489@qq.com
已完成任务：将 电费监视系统异常--读取-监视部分出现错误(宿舍编号: 190815001319)：<pre>Traceback (most recent call last):
  File "elec_monitor_proxy.py", line 100, in read_sql
    monitor(dromNumber, mailto)
  File "elec_monitor_proxy.py", line 44, in monitor
    data = json.loads(response.text)
  File "/usr/local/python3/lib/python3.8/json/__init__.py", line 357, in loads
    return _default_decoder.decode(s)
  File "/usr/local/python3/lib/python3.8/json/decoder.py", line 337, in decode
    obj, end = self.raw_decode(s, idx=_w(s, 0).end())
  File "/usr/local/python3/lib/python3.8/json/decoder.py", line 355, in raw_decode
    raise JSONDecodeError("Expecting value", s, err.value) from None
json.decoder.JSONDecodeError: Expecting value: line 1 column 1 (char 0)
</pre> 发送到 2531667489@qq.com
已完成任务：将 电费监视系统异常--读取-监视部分出现错误(宿舍编号: 190815001313)：<pre>Traceback (most recent call last):
  File "elec_monitor_proxy.py", line 100, in read_sql
    monitor(dromNumber, mailto)
  File "elec_monitor_proxy.py", line 35, in monitor
    proxy = get_proxy().get("proxy")
  File "elec_monitor_proxy.py", line 21, in get_proxy
    time.sleep(10)
KeyboardInterrupt
</pre> 发送到 2531667489@qq.com
已完成任务：将 电费监视系统异常--总循环出现错误：<pre>Traceback (most recent call last):
  File "elec_monitor_proxy.py", line 123, in <module>
    read_sql()
  File "elec_monitor_proxy.py", line 107, in read_sql
    sqlerr_response = requests.post(mail_url, data=sqlerr_data)
  File "/usr/local/python3/lib/python3.8/site-packages/requests/api.py", line 117, in post
    return request('post', url, data=data, json=json, **kwargs)
  File "/usr/local/python3/lib/python3.8/site-packages/requests/api.py", line 61, in request
    return session.request(method=method, url=url, **kwargs)
  File "/usr/local/python3/lib/python3.8/site-packages/requests/sessions.py", line 529, in request
    resp = self.send(prep, **send_kwargs)
  File "/usr/local/python3/lib/python3.8/site-packages/requests/sessions.py", line 645, in send
    r = adapter.send(request, **kwargs)
  File "/usr/local/python3/lib/python3.8/site-packages/requests/adapters.py", line 440, in send
    resp = conn.urlopen(
  File "/usr/local/python3/lib/python3.8/site-packages/urllib3/connectionpool.py", line 703, in urlopen
    httplib_response = self._make_request(
  File "/usr/local/python3/lib/python3.8/site-packages/urllib3/connectionpool.py", line 449, in _make_request
    six.raise_from(e, None)
  File "<string>", line 3, in raise_from
  File "/usr/local/python3/lib/python3.8/site-packages/urllib3/connectionpool.py", line 444, in _make_request
    httplib_response = conn.getresponse()
  File "/usr/local/python3/lib/python3.8/http/client.py", line 1322, in getresponse
    response.begin()
  File "/usr/local/python3/lib/python3.8/http/client.py", line 303, in begin
    version, status, reason = self._read_status()
  File "/usr/local/python3/lib/python3.8/http/client.py", line 264, in _read_status
    line = str(self.fp.readline(_MAXLINE + 1), "iso-8859-1")
  File "/usr/local/python3/lib/python3.8/socket.py", line 669, in readinto
    return self._sock.recv_into(b)
  File "/usr/local/python3/lib/python3.8/ssl.py", line 1241, in recv_into
    return self.read(nbytes, buffer)
  File "/usr/local/python3/lib/python3.8/ssl.py", line 1099, in read
    return self._sslobj.read(len, buffer)
KeyboardInterrupt
</pre> 发送到 2531667489@qq.com
已完成任务：将 电费监视系统异常--读取-监视部分出现错误(宿舍编号: 190815001313)：<pre>Traceback (most recent call last):
  File "elec_monitor_proxy.py", line 100, in read_sql
    monitor(dromNumber, mailto)
  File "elec_monitor_proxy.py", line 44, in monitor
    data = json.loads(response.text)
  File "/usr/local/python3/lib/python3.8/json/__init__.py", line 357, in loads
    return _default_decoder.decode(s)
  File "/usr/local/python3/lib/python3.8/json/decoder.py", line 337, in decode
    obj, end = self.raw_decode(s, idx=_w(s, 0).end())
  File "/usr/local/python3/lib/python3.8/json/decoder.py", line 355, in raw_decode
    raise JSONDecodeError("Expecting value", s, err.value) from None
json.decoder.JSONDecodeError: Expecting value: line 1 column 1 (char 0)
</pre> 发送到 2531667489@qq.com
已完成任务：将 电费监视系统异常--总循环出现错误：<pre>Traceback (most recent call last):
  File "elec_monitor_proxy.py", line 123, in <module>
    read_sql()
  File "elec_monitor_proxy.py", line 107, in read_sql
    sqlerr_response = requests.post(mail_url, data=sqlerr_data)
  File "/usr/local/python3/lib/python3.8/site-packages/requests/api.py", line 117, in post
    return request('post', url, data=data, json=json, **kwargs)
  File "/usr/local/python3/lib/python3.8/site-packages/requests/api.py", line 61, in request
    return session.request(method=method, url=url, **kwargs)
  File "/usr/local/python3/lib/python3.8/site-packages/requests/sessions.py", line 529, in request
    resp = self.send(prep, **send_kwargs)
  File "/usr/local/python3/lib/python3.8/site-packages/requests/sessions.py", line 645, in send
    r = adapter.send(request, **kwargs)
  File "/usr/local/python3/lib/python3.8/site-packages/requests/adapters.py", line 440, in send
    resp = conn.urlopen(
  File "/usr/local/python3/lib/python3.8/site-packages/urllib3/connectionpool.py", line 703, in urlopen
    httplib_response = self._make_request(
  File "/usr/local/python3/lib/python3.8/site-packages/urllib3/connectionpool.py", line 449, in _make_request
    six.raise_from(e, None)
  File "<string>", line 3, in raise_from
  File "/usr/local/python3/lib/python3.8/site-packages/urllib3/connectionpool.py", line 444, in _make_request
    httplib_response = conn.getresponse()
  File "/usr/local/python3/lib/python3.8/http/client.py", line 1322, in getresponse
    response.begin()
  File "/usr/local/python3/lib/python3.8/http/client.py", line 303, in begin
    version, status, reason = self._read_status()
  File "/usr/local/python3/lib/python3.8/http/client.py", line 264, in _read_status
    line = str(self.fp.readline(_MAXLINE + 1), "iso-8859-1")
  File "/usr/local/python3/lib/python3.8/socket.py", line 669, in readinto
    return self._sock.recv_into(b)
  File "/usr/local/python3/lib/python3.8/ssl.py", line 1241, in recv_into
    return self.read(nbytes, buffer)
  File "/usr/local/python3/lib/python3.8/ssl.py", line 1099, in read
    return self._sslobj.read(len, buffer)
KeyboardInterrupt
</pre> 发送到 2531667489@qq.com
已完成任务：将 电费监视系统异常--总循环出现错误：<pre>Traceback (most recent call last):
  File "elec_monitor_proxy.py", line 126, in <module>
    except:
  File "elec_monitor_proxy.py", line 110, in read_sql
    print(sqlerr_response.text)
  File "/usr/local/python3/lib/python3.8/site-packages/requests/api.py", line 117, in post
    return request('post', url, data=data, json=json, **kwargs)
  File "/usr/local/python3/lib/python3.8/site-packages/requests/api.py", line 61, in request
    return session.request(method=method, url=url, **kwargs)
  File "/usr/local/python3/lib/python3.8/site-packages/requests/sessions.py", line 529, in request
    resp = self.send(prep, **send_kwargs)
  File "/usr/local/python3/lib/python3.8/site-packages/requests/sessions.py", line 645, in send
    r = adapter.send(request, **kwargs)
  File "/usr/local/python3/lib/python3.8/site-packages/requests/adapters.py", line 440, in send
    resp = conn.urlopen(
  File "/usr/local/python3/lib/python3.8/site-packages/urllib3/connectionpool.py", line 703, in urlopen
    httplib_response = self._make_request(
  File "/usr/local/python3/lib/python3.8/site-packages/urllib3/connectionpool.py", line 449, in _make_request
    six.raise_from(e, None)
  File "<string>", line 3, in raise_from
  File "/usr/local/python3/lib/python3.8/site-packages/urllib3/connectionpool.py", line 444, in _make_request
    httplib_response = conn.getresponse()
  File "/usr/local/python3/lib/python3.8/http/client.py", line 1322, in getresponse
    response.begin()
  File "/usr/local/python3/lib/python3.8/http/client.py", line 303, in begin
    version, status, reason = self._read_status()
  File "/usr/local/python3/lib/python3.8/http/client.py", line 264, in _read_status
    line = str(self.fp.readline(_MAXLINE + 1), "iso-8859-1")
  File "/usr/local/python3/lib/python3.8/socket.py", line 669, in readinto
    return self._sock.recv_into(b)
  File "/usr/local/python3/lib/python3.8/ssl.py", line 1241, in recv_into
    return self.read(nbytes, buffer)
  File "/usr/local/python3/lib/python3.8/ssl.py", line 1099, in read
    return self._sslobj.read(len, buffer)
KeyboardInterrupt
</pre> 发送到 2531667489@qq.com
已完成任务：将 电费监视系统异常--读取-监视部分出现错误(宿舍编号: 190815001313)：<pre>Traceback (most recent call last):
  File "elec_monitor_proxy.py", line 40, in monitor
    except:
  File "/usr/local/python3/lib/python3.8/site-packages/requests/api.py", line 117, in post
    return request('post', url, data=data, json=json, **kwargs)
  File "/usr/local/python3/lib/python3.8/site-packages/requests/api.py", line 61, in request
    return session.request(method=method, url=url, **kwargs)
  File "/usr/local/python3/lib/python3.8/site-packages/requests/sessions.py", line 529, in request
    resp = self.send(prep, **send_kwargs)
  File "/usr/local/python3/lib/python3.8/site-packages/requests/sessions.py", line 645, in send
    r = adapter.send(request, **kwargs)
  File "/usr/local/python3/lib/python3.8/site-packages/requests/adapters.py", line 440, in send
    resp = conn.urlopen(
  File "/usr/local/python3/lib/python3.8/site-packages/urllib3/connectionpool.py", line 700, in urlopen
    self._prepare_proxy(conn)
  File "/usr/local/python3/lib/python3.8/site-packages/urllib3/connectionpool.py", line 996, in _prepare_proxy
    conn.connect()
  File "/usr/local/python3/lib/python3.8/site-packages/urllib3/connection.py", line 358, in connect
    self.sock = conn = self._new_conn()
  File "/usr/local/python3/lib/python3.8/site-packages/urllib3/connection.py", line 174, in _new_conn
    conn = connection.create_connection(
  File "/usr/local/python3/lib/python3.8/site-packages/urllib3/util/connection.py", line 85, in create_connection
    sock.connect(sa)
KeyboardInterrupt

During handling of the above exception, another exception occurred:

Traceback (most recent call last):
  File "elec_monitor_proxy.py", line 103, in read_sql
    break
  File "elec_monitor_proxy.py", line 45, in monitor
    msg = data["m"]
KeyboardInterrupt
</pre> 发送到 2531667489@qq.com
已完成任务：将 电费监视系统异常--读取-监视部分出现错误(宿舍编号: 190815001313)：<pre>Traceback (most recent call last):
  File "elec_monitor_proxy.py", line 102, in read_sql
    monitor(dromNumber, mailto, proxy)
  File "elec_monitor_proxy.py", line 44, in monitor
    data = json.loads(response.text)
UnboundLocalError: local variable 'response' referenced before assignment
</pre> 发送到 2531667489@qq.com
已完成任务：将 电费监视系统异常--读取-监视部分出现错误(宿舍编号: 190815001319)：<pre>Traceback (most recent call last):
  File "elec_monitor_proxy.py", line 102, in read_sql
    monitor(dromNumber, mailto, proxy)
  File "elec_monitor_proxy.py", line 44, in monitor
    data = json.loads(response.text)
UnboundLocalError: local variable 'response' referenced before assignment
</pre> 发送到 2531667489@qq.com
已完成任务：将 电费监视系统异常--读取-监视部分出现错误(宿舍编号: 190815001313)：<pre>Traceback (most recent call last):
  File "elec_monitor_proxy.py", line 38, in monitor
    response = requests.post(base_url, data=post_data, cookies=cookies, proxies={"https": "http://{}".format(proxy)})
  File "/usr/local/python3/lib/python3.8/site-packages/requests/api.py", line 117, in post
    return request('post', url, data=data, json=json, **kwargs)
  File "/usr/local/python3/lib/python3.8/site-packages/requests/api.py", line 61, in request
    return session.request(method=method, url=url, **kwargs)
  File "/usr/local/python3/lib/python3.8/site-packages/requests/sessions.py", line 529, in request
    resp = self.send(prep, **send_kwargs)
  File "/usr/local/python3/lib/python3.8/site-packages/requests/sessions.py", line 645, in send
    r = adapter.send(request, **kwargs)
  File "/usr/local/python3/lib/python3.8/site-packages/requests/adapters.py", line 440, in send
    resp = conn.urlopen(
  File "/usr/local/python3/lib/python3.8/site-packages/urllib3/connectionpool.py", line 700, in urlopen
    self._prepare_proxy(conn)
  File "/usr/local/python3/lib/python3.8/site-packages/urllib3/connectionpool.py", line 996, in _prepare_proxy
    conn.connect()
  File "/usr/local/python3/lib/python3.8/site-packages/urllib3/connection.py", line 358, in connect
    self.sock = conn = self._new_conn()
  File "/usr/local/python3/lib/python3.8/site-packages/urllib3/connection.py", line 174, in _new_conn
    conn = connection.create_connection(
  File "/usr/local/python3/lib/python3.8/site-packages/urllib3/util/connection.py", line 85, in create_connection
    sock.connect(sa)
KeyboardInterrupt

During handling of the above exception, another exception occurred:

Traceback (most recent call last):
  File "elec_monitor_proxy.py", line 103, in read_sql
    monitor(dromNumber, mailto, proxy)
  File "elec_monitor_proxy.py", line 43, in monitor
    time.sleep(2)
KeyboardInterrupt
</pre> 发送到 2531667489@qq.com
已完成任务：将 电费监视系统异常--总循环出现错误：<pre>Traceback (most recent call last):
  File "elec_monitor_proxy.py", line 126, in <module>
    read_sql()
  File "elec_monitor_proxy.py", line 110, in read_sql
    sqlerr_response = requests.post(mail_url, data=sqlerr_data)
  File "/usr/local/python3/lib/python3.8/site-packages/requests/api.py", line 117, in post
    return request('post', url, data=data, json=json, **kwargs)
  File "/usr/local/python3/lib/python3.8/site-packages/requests/api.py", line 61, in request
    return session.request(method=method, url=url, **kwargs)
  File "/usr/local/python3/lib/python3.8/site-packages/requests/sessions.py", line 529, in request
    resp = self.send(prep, **send_kwargs)
  File "/usr/local/python3/lib/python3.8/site-packages/requests/sessions.py", line 645, in send
    r = adapter.send(request, **kwargs)
  File "/usr/local/python3/lib/python3.8/site-packages/requests/adapters.py", line 440, in send
    resp = conn.urlopen(
  File "/usr/local/python3/lib/python3.8/site-packages/urllib3/connectionpool.py", line 703, in urlopen
    httplib_response = self._make_request(
  File "/usr/local/python3/lib/python3.8/site-packages/urllib3/connectionpool.py", line 449, in _make_request
    six.raise_from(e, None)
  File "<string>", line 3, in raise_from
  File "/usr/local/python3/lib/python3.8/site-packages/urllib3/connectionpool.py", line 444, in _make_request
    httplib_response = conn.getresponse()
  File "/usr/local/python3/lib/python3.8/http/client.py", line 1322, in getresponse
    response.begin()
  File "/usr/local/python3/lib/python3.8/http/client.py", line 303, in begin
    version, status, reason = self._read_status()
  File "/usr/local/python3/lib/python3.8/http/client.py", line 264, in _read_status
    line = str(self.fp.readline(_MAXLINE + 1), "iso-8859-1")
  File "/usr/local/python3/lib/python3.8/socket.py", line 669, in readinto
    return self._sock.recv_into(b)
  File "/usr/local/python3/lib/python3.8/ssl.py", line 1241, in recv_into
    return self.read(nbytes, buffer)
  File "/usr/local/python3/lib/python3.8/ssl.py", line 1099, in read
    return self._sslobj.read(len, buffer)
KeyboardInterrupt
</pre> 发送到 2531667489@qq.com
已完成任务：将 电费监视系统异常--读取-监视部分出现错误(宿舍编号: 190815001313)：<pre>Traceback (most recent call last):
  File "elec_monitor_proxy.py", line 38, in monitor
    response = requests.post(base_url, data=post_data, cookies=cookies, proxies={"https": "http://{}".format(proxy)})
  File "/usr/local/python3/lib/python3.8/site-packages/requests/api.py", line 117, in post
    return request('post', url, data=data, json=json, **kwargs)
  File "/usr/local/python3/lib/python3.8/site-packages/requests/api.py", line 61, in request
    return session.request(method=method, url=url, **kwargs)
  File "/usr/local/python3/lib/python3.8/site-packages/requests/sessions.py", line 529, in request
    resp = self.send(prep, **send_kwargs)
  File "/usr/local/python3/lib/python3.8/site-packages/requests/sessions.py", line 645, in send
    r = adapter.send(request, **kwargs)
  File "/usr/local/python3/lib/python3.8/site-packages/requests/adapters.py", line 440, in send
    resp = conn.urlopen(
  File "/usr/local/python3/lib/python3.8/site-packages/urllib3/connectionpool.py", line 700, in urlopen
    self._prepare_proxy(conn)
  File "/usr/local/python3/lib/python3.8/site-packages/urllib3/connectionpool.py", line 996, in _prepare_proxy
    conn.connect()
  File "/usr/local/python3/lib/python3.8/site-packages/urllib3/connection.py", line 358, in connect
    self.sock = conn = self._new_conn()
  File "/usr/local/python3/lib/python3.8/site-packages/urllib3/connection.py", line 174, in _new_conn
    conn = connection.create_connection(
  File "/usr/local/python3/lib/python3.8/site-packages/urllib3/util/connection.py", line 85, in create_connection
    sock.connect(sa)
KeyboardInterrupt

During handling of the above exception, another exception occurred:

Traceback (most recent call last):
  File "elec_monitor_proxy.py", line 103, in read_sql
    monitor(dromNumber, mailto, proxy)
  File "elec_monitor_proxy.py", line 43, in monitor
    time.sleep(2)
KeyboardInterrupt
</pre> 发送到 2531667489@qq.com
已完成任务：将 电费监视系统异常--总循环出现错误：<pre>Traceback (most recent call last):
  File "elec_monitor_proxy.py", line 126, in <module>
    read_sql()
  File "elec_monitor_proxy.py", line 110, in read_sql
    sqlerr_response = requests.post(mail_url, data=sqlerr_data)
  File "/usr/local/python3/lib/python3.8/site-packages/requests/api.py", line 117, in post
    return request('post', url, data=data, json=json, **kwargs)
  File "/usr/local/python3/lib/python3.8/site-packages/requests/api.py", line 61, in request
    return session.request(method=method, url=url, **kwargs)
  File "/usr/local/python3/lib/python3.8/site-packages/requests/sessions.py", line 529, in request
    resp = self.send(prep, **send_kwargs)
  File "/usr/local/python3/lib/python3.8/site-packages/requests/sessions.py", line 645, in send
    r = adapter.send(request, **kwargs)
  File "/usr/local/python3/lib/python3.8/site-packages/requests/adapters.py", line 440, in send
    resp = conn.urlopen(
  File "/usr/local/python3/lib/python3.8/site-packages/urllib3/connectionpool.py", line 703, in urlopen
    httplib_response = self._make_request(
  File "/usr/local/python3/lib/python3.8/site-packages/urllib3/connectionpool.py", line 449, in _make_request
    six.raise_from(e, None)
  File "<string>", line 3, in raise_from
  File "/usr/local/python3/lib/python3.8/site-packages/urllib3/connectionpool.py", line 444, in _make_request
    httplib_response = conn.getresponse()
  File "/usr/local/python3/lib/python3.8/http/client.py", line 1322, in getresponse
    response.begin()
  File "/usr/local/python3/lib/python3.8/http/client.py", line 303, in begin
    version, status, reason = self._read_status()
  File "/usr/local/python3/lib/python3.8/http/client.py", line 264, in _read_status
    line = str(self.fp.readline(_MAXLINE + 1), "iso-8859-1")
  File "/usr/local/python3/lib/python3.8/socket.py", line 669, in readinto
    return self._sock.recv_into(b)
  File "/usr/local/python3/lib/python3.8/ssl.py", line 1241, in recv_into
    return self.read(nbytes, buffer)
  File "/usr/local/python3/lib/python3.8/ssl.py", line 1099, in read
    return self._sslobj.read(len, buffer)
KeyboardInterrupt
</pre> 发送到 2531667489@qq.com
已完成任务：将 电费监视系统异常--读取-监视部分出现错误(宿舍编号: 190815001313)：<pre>Traceback (most recent call last):
  File "elec_monitor_proxy.py", line 38, in monitor
    response = requests.post(base_url, data=post_data, cookies=cookies, proxies={"https": "http://111.178.11.20:8088"})
  File "/usr/local/python3/lib/python3.8/site-packages/requests/api.py", line 117, in post
    return request('post', url, data=data, json=json, **kwargs)
  File "/usr/local/python3/lib/python3.8/site-packages/requests/api.py", line 61, in request
    return session.request(method=method, url=url, **kwargs)
  File "/usr/local/python3/lib/python3.8/site-packages/requests/sessions.py", line 529, in request
    resp = self.send(prep, **send_kwargs)
  File "/usr/local/python3/lib/python3.8/site-packages/requests/sessions.py", line 645, in send
    r = adapter.send(request, **kwargs)
  File "/usr/local/python3/lib/python3.8/site-packages/requests/adapters.py", line 440, in send
    resp = conn.urlopen(
  File "/usr/local/python3/lib/python3.8/site-packages/urllib3/connectionpool.py", line 700, in urlopen
    self._prepare_proxy(conn)
  File "/usr/local/python3/lib/python3.8/site-packages/urllib3/connectionpool.py", line 996, in _prepare_proxy
    conn.connect()
  File "/usr/local/python3/lib/python3.8/site-packages/urllib3/connection.py", line 358, in connect
    self.sock = conn = self._new_conn()
  File "/usr/local/python3/lib/python3.8/site-packages/urllib3/connection.py", line 174, in _new_conn
    conn = connection.create_connection(
  File "/usr/local/python3/lib/python3.8/site-packages/urllib3/util/connection.py", line 85, in create_connection
    sock.connect(sa)
KeyboardInterrupt

During handling of the above exception, another exception occurred:

Traceback (most recent call last):
  File "elec_monitor_proxy.py", line 103, in read_sql
    monitor(dromNumber, mailto, proxy)
  File "elec_monitor_proxy.py", line 43, in monitor
    time.sleep(2)
KeyboardInterrupt
</pre> 发送到 2531667489@qq.com
已完成任务：将 电费监视系统异常--总循环出现错误：<pre>Traceback (most recent call last):
  File "elec_monitor_proxy.py", line 126, in <module>
    read_sql()
  File "elec_monitor_proxy.py", line 110, in read_sql
    sqlerr_response = requests.post(mail_url, data=sqlerr_data)
  File "/usr/local/python3/lib/python3.8/site-packages/requests/api.py", line 117, in post
    return request('post', url, data=data, json=json, **kwargs)
  File "/usr/local/python3/lib/python3.8/site-packages/requests/api.py", line 61, in request
    return session.request(method=method, url=url, **kwargs)
  File "/usr/local/python3/lib/python3.8/site-packages/requests/sessions.py", line 529, in request
    resp = self.send(prep, **send_kwargs)
  File "/usr/local/python3/lib/python3.8/site-packages/requests/sessions.py", line 645, in send
    r = adapter.send(request, **kwargs)
  File "/usr/local/python3/lib/python3.8/site-packages/requests/adapters.py", line 440, in send
    resp = conn.urlopen(
  File "/usr/local/python3/lib/python3.8/site-packages/urllib3/connectionpool.py", line 703, in urlopen
    httplib_response = self._make_request(
  File "/usr/local/python3/lib/python3.8/site-packages/urllib3/connectionpool.py", line 449, in _make_request
    six.raise_from(e, None)
  File "<string>", line 3, in raise_from
  File "/usr/local/python3/lib/python3.8/site-packages/urllib3/connectionpool.py", line 444, in _make_request
    httplib_response = conn.getresponse()
  File "/usr/local/python3/lib/python3.8/http/client.py", line 1322, in getresponse
    response.begin()
  File "/usr/local/python3/lib/python3.8/http/client.py", line 303, in begin
    version, status, reason = self._read_status()
  File "/usr/local/python3/lib/python3.8/http/client.py", line 264, in _read_status
    line = str(self.fp.readline(_MAXLINE + 1), "iso-8859-1")
  File "/usr/local/python3/lib/python3.8/socket.py", line 669, in readinto
    return self._sock.recv_into(b)
  File "/usr/local/python3/lib/python3.8/ssl.py", line 1241, in recv_into
    return self.read(nbytes, buffer)
  File "/usr/local/python3/lib/python3.8/ssl.py", line 1099, in read
    return self._sslobj.read(len, buffer)
KeyboardInterrupt
</pre> 发送到 2531667489@qq.com
已完成任务：将 BUPT电费低警告--截至2023-08-08 03:42:24.0您宿舍(编号: 190815001319)的电费仅剩13.92元，已小于15元。为了防止断电给您造成损失，请及时充值！ 发送到 576245041@qq.com
已完成任务：将 BUPT电费低警告--截至2023-08-19 03:30:28.0您宿舍(编号: 190815001319)的电费仅剩13.66元，已小于15元。为了防止断电给您造成损失，请及时充值！ 发送到 576245041@qq.com
已完成任务：将 BUPT电费低警告--截至2023-08-30 03:04:22.0您宿舍(编号: 190815001319)的电费仅剩11.69元，已小于15元。为了防止断电给您造成损失，请及时充值！ 发送到 576245041@qq.com
已完成任务：将 BUPT电费低警告--截至2023-08-31 03:02:55.0您宿舍(编号: 190815001319)的电费仅剩7.22元，已小于15元。为了防止断电给您造成损失，请及时充值！ 发送到 576245041@qq.com
已完成任务：将 BUPT电费低警告--截至2023-09-01 03:02:33.0您宿舍(编号: 190815001319)的电费仅剩2.18元，已小于15元。为了防止断电给您造成损失，请及时充值！ 发送到 576245041@qq.com
已完成任务：将 BUPT电费低警告--截至2023-09-04 03:03:52.0您宿舍(编号: 190815001313)的电费仅剩11.19元，已小于15元。为了防止断电给您造成损失，请及时充值！ 发送到 2531667489@qq.com
已完成任务：将 电费监视系统异常--读取-监视部分出现错误(宿舍编号: 190815001313)：<pre>Traceback (most recent call last):
  File "elec_monitor_proxy.py", line 104, in read_sql
    monitor(dromNumber, mailto, proxy)
  File "elec_monitor_proxy.py", line 46, in monitor
    data = json.loads(response.text)
  File "/usr/local/python3/lib/python3.8/json/__init__.py", line 357, in loads
    return _default_decoder.decode(s)
  File "/usr/local/python3/lib/python3.8/json/decoder.py", line 337, in decode
    obj, end = self.raw_decode(s, idx=_w(s, 0).end())
  File "/usr/local/python3/lib/python3.8/json/decoder.py", line 355, in raw_decode
    raise JSONDecodeError("Expecting value", s, err.value) from None
json.decoder.JSONDecodeError: Expecting value: line 1 column 1 (char 0)
</pre> 发送到 2531667489@qq.com
已完成任务：将 电费监视系统异常--读取-监视部分出现错误(宿舍编号: 190815001319)：<pre>Traceback (most recent call last):
  File "elec_monitor_proxy.py", line 104, in read_sql
    monitor(dromNumber, mailto, proxy)
  File "elec_monitor_proxy.py", line 46, in monitor
    data = json.loads(response.text)
  File "/usr/local/python3/lib/python3.8/json/__init__.py", line 357, in loads
    return _default_decoder.decode(s)
  File "/usr/local/python3/lib/python3.8/json/decoder.py", line 337, in decode
    obj, end = self.raw_decode(s, idx=_w(s, 0).end())
  File "/usr/local/python3/lib/python3.8/json/decoder.py", line 355, in raw_decode
    raise JSONDecodeError("Expecting value", s, err.value) from None
json.decoder.JSONDecodeError: Expecting value: line 1 column 1 (char 0)
</pre> 发送到 2531667489@qq.com
已完成任务：将 电费监视系统异常--总循环出现错误：<pre>Traceback (most recent call last):
  File "elec_monitor_proxy.py", line 38, in monitor
    response = requests.post(base_url, data=post_data, cookies=cookies, proxies={"https": "http://{}".format(proxy)}, timeout=5)
  File "/usr/local/python3/lib/python3.8/site-packages/requests/api.py", line 117, in post
    return request('post', url, data=data, json=json, **kwargs)
  File "/usr/local/python3/lib/python3.8/site-packages/requests/api.py", line 61, in request
    return session.request(method=method, url=url, **kwargs)
  File "/usr/local/python3/lib/python3.8/site-packages/requests/sessions.py", line 529, in request
    resp = self.send(prep, **send_kwargs)
  File "/usr/local/python3/lib/python3.8/site-packages/requests/sessions.py", line 645, in send
    r = adapter.send(request, **kwargs)
  File "/usr/local/python3/lib/python3.8/site-packages/requests/adapters.py", line 440, in send
    resp = conn.urlopen(
  File "/usr/local/python3/lib/python3.8/site-packages/urllib3/connectionpool.py", line 700, in urlopen
    self._prepare_proxy(conn)
  File "/usr/local/python3/lib/python3.8/site-packages/urllib3/connectionpool.py", line 996, in _prepare_proxy
    conn.connect()
  File "/usr/local/python3/lib/python3.8/site-packages/urllib3/connection.py", line 369, in connect
    self._tunnel()
  File "/usr/local/python3/lib/python3.8/http/client.py", line 894, in _tunnel
    (version, code, message) = response._read_status()
  File "/usr/local/python3/lib/python3.8/http/client.py", line 264, in _read_status
    line = str(self.fp.readline(_MAXLINE + 1), "iso-8859-1")
  File "/usr/local/python3/lib/python3.8/socket.py", line 669, in readinto
    return self._sock.recv_into(b)
KeyboardInterrupt

During handling of the above exception, another exception occurred:

Traceback (most recent call last):
  File "elec_monitor_proxy.py", line 104, in read_sql
    monitor(dromNumber, mailto, proxy)
  File "elec_monitor_proxy.py", line 44, in monitor
    time.sleep(2)
KeyboardInterrupt

During handling of the above exception, another exception occurred:

Traceback (most recent call last):
  File "elec_monitor_proxy.py", line 130, in <module>
    read_sql()
  File "elec_monitor_proxy.py", line 115, in read_sql
    proxy = get_proxy().get("proxy")
  File "elec_monitor_proxy.py", line 15, in get_proxy
    proxy = requests.get("http://198.23.249.216:5010/get/?type=https").json()
  File "/usr/local/python3/lib/python3.8/site-packages/requests/api.py", line 75, in get
    return request('get', url, params=params, **kwargs)
  File "/usr/local/python3/lib/python3.8/site-packages/requests/api.py", line 61, in request
    return session.request(method=method, url=url, **kwargs)
  File "/usr/local/python3/lib/python3.8/site-packages/requests/sessions.py", line 529, in request
    resp = self.send(prep, **send_kwargs)
  File "/usr/local/python3/lib/python3.8/site-packages/requests/sessions.py", line 645, in send
    r = adapter.send(request, **kwargs)
  File "/usr/local/python3/lib/python3.8/site-packages/requests/adapters.py", line 440, in send
    resp = conn.urlopen(
  File "/usr/local/python3/lib/python3.8/site-packages/urllib3/connectionpool.py", line 703, in urlopen
    httplib_response = self._make_request(
  File "/usr/local/python3/lib/python3.8/site-packages/urllib3/connectionpool.py", line 398, in _make_request
    conn.request(method, url, **httplib_request_kw)
  File "/usr/local/python3/lib/python3.8/site-packages/urllib3/connection.py", line 239, in request
    super(HTTPConnection, self).request(method, url, body=body, headers=headers)
  File "/usr/local/python3/lib/python3.8/http/client.py", line 1230, in request
    self._send_request(method, url, body, headers, encode_chunked)
  File "/usr/local/python3/lib/python3.8/http/client.py", line 1276, in _send_request
    self.endheaders(body, encode_chunked=encode_chunked)
  File "/usr/local/python3/lib/python3.8/http/client.py", line 1225, in endheaders
    self._send_output(message_body, encode_chunked=encode_chunked)
  File "/usr/local/python3/lib/python3.8/http/client.py", line 1004, in _send_output
    self.send(msg)
  File "/usr/local/python3/lib/python3.8/http/client.py", line 944, in send
    self.connect()
  File "/usr/local/python3/lib/python3.8/site-packages/urllib3/connection.py", line 205, in connect
    conn = self._new_conn()
  File "/usr/local/python3/lib/python3.8/site-packages/urllib3/connection.py", line 174, in _new_conn
    conn = connection.create_connection(
  File "/usr/local/python3/lib/python3.8/site-packages/urllib3/util/connection.py", line 85, in create_connection
    sock.connect(sa)
KeyboardInterrupt
</pre> 发送到 2531667489@qq.com
已完成任务：将 电费监视系统异常--读取-监视部分出现错误(宿舍编号: 190815001313)：<pre>Traceback (most recent call last):
  File "elec_monitor_proxy.py", line 104, in read_sql
    monitor(dromNumber, mailto, proxy)
  File "elec_monitor_proxy.py", line 46, in monitor
    data = json.loads(response.text)
  File "/usr/local/python3/lib/python3.8/json/__init__.py", line 357, in loads
    return _default_decoder.decode(s)
  File "/usr/local/python3/lib/python3.8/json/decoder.py", line 337, in decode
    obj, end = self.raw_decode(s, idx=_w(s, 0).end())
  File "/usr/local/python3/lib/python3.8/json/decoder.py", line 355, in raw_decode
    raise JSONDecodeError("Expecting value", s, err.value) from None
json.decoder.JSONDecodeError: Expecting value: line 1 column 1 (char 0)
</pre> 发送到 2531667489@qq.com
已完成任务：将 电费监视系统异常--总循环出现错误：<pre>Traceback (most recent call last):
  File "elec_monitor_proxy.py", line 130, in <module>
    read_sql()
  File "elec_monitor_proxy.py", line 115, in read_sql
    proxy = get_proxy().get("proxy")
  File "elec_monitor_proxy.py", line 15, in get_proxy
    proxy = requests.get("http://198.23.249.216:5010/get/?type=https").json()
  File "/usr/local/python3/lib/python3.8/site-packages/requests/api.py", line 75, in get
    return request('get', url, params=params, **kwargs)
  File "/usr/local/python3/lib/python3.8/site-packages/requests/api.py", line 61, in request
    return session.request(method=method, url=url, **kwargs)
  File "/usr/local/python3/lib/python3.8/site-packages/requests/sessions.py", line 529, in request
    resp = self.send(prep, **send_kwargs)
  File "/usr/local/python3/lib/python3.8/site-packages/requests/sessions.py", line 645, in send
    r = adapter.send(request, **kwargs)
  File "/usr/local/python3/lib/python3.8/site-packages/requests/adapters.py", line 440, in send
    resp = conn.urlopen(
  File "/usr/local/python3/lib/python3.8/site-packages/urllib3/connectionpool.py", line 703, in urlopen
    httplib_response = self._make_request(
  File "/usr/local/python3/lib/python3.8/site-packages/urllib3/connectionpool.py", line 449, in _make_request
    six.raise_from(e, None)
  File "<string>", line 3, in raise_from
  File "/usr/local/python3/lib/python3.8/site-packages/urllib3/connectionpool.py", line 444, in _make_request
    httplib_response = conn.getresponse()
  File "/usr/local/python3/lib/python3.8/http/client.py", line 1322, in getresponse
    response.begin()
  File "/usr/local/python3/lib/python3.8/http/client.py", line 303, in begin
    version, status, reason = self._read_status()
  File "/usr/local/python3/lib/python3.8/http/client.py", line 264, in _read_status
    line = str(self.fp.readline(_MAXLINE + 1), "iso-8859-1")
  File "/usr/local/python3/lib/python3.8/socket.py", line 669, in readinto
    return self._sock.recv_into(b)
KeyboardInterrupt
</pre> 发送到 2531667489@qq.com
已完成任务：将 电费监视系统异常--读取-监视部分出现错误(宿舍编号: 190815001313)：<pre>Traceback (most recent call last):
  File "elec_monitor_proxy.py", line 104, in read_sql
    monitor(dromNumber, mailto, proxy)
  File "elec_monitor_proxy.py", line 46, in monitor
    data = json.loads(response.text)
  File "/usr/local/python3/lib/python3.8/json/__init__.py", line 357, in loads
    return _default_decoder.decode(s)
  File "/usr/local/python3/lib/python3.8/json/decoder.py", line 337, in decode
    obj, end = self.raw_decode(s, idx=_w(s, 0).end())
  File "/usr/local/python3/lib/python3.8/json/decoder.py", line 355, in raw_decode
    raise JSONDecodeError("Expecting value", s, err.value) from None
json.decoder.JSONDecodeError: Expecting value: line 1 column 1 (char 0)
</pre> 发送到 2531667489@qq.com
已完成任务：将 电费监视系统异常--读取-监视部分出现错误(宿舍编号: 190815001319)：<pre>Traceback (most recent call last):
  File "elec_monitor_proxy.py", line 104, in read_sql
    monitor(dromNumber, mailto, proxy)
  File "elec_monitor_proxy.py", line 46, in monitor
    data = json.loads(response.text)
  File "/usr/local/python3/lib/python3.8/json/__init__.py", line 357, in loads
    return _default_decoder.decode(s)
  File "/usr/local/python3/lib/python3.8/json/decoder.py", line 337, in decode
    obj, end = self.raw_decode(s, idx=_w(s, 0).end())
  File "/usr/local/python3/lib/python3.8/json/decoder.py", line 355, in raw_decode
    raise JSONDecodeError("Expecting value", s, err.value) from None
json.decoder.JSONDecodeError: Expecting value: line 1 column 1 (char 0)
</pre> 发送到 2531667489@qq.com
已完成任务：将 电费监视系统异常--读取-监视部分出现错误(宿舍编号: 190815001313)：<pre>Traceback (most recent call last):
  File "elec_monitor_proxy.py", line 104, in read_sql
    monitor(dromNumber, mailto, proxy)
  File "elec_monitor_proxy.py", line 46, in monitor
    data = json.loads(response.text)
  File "/usr/local/python3/lib/python3.8/json/__init__.py", line 357, in loads
    return _default_decoder.decode(s)
  File "/usr/local/python3/lib/python3.8/json/decoder.py", line 337, in decode
    obj, end = self.raw_decode(s, idx=_w(s, 0).end())
  File "/usr/local/python3/lib/python3.8/json/decoder.py", line 355, in raw_decode
    raise JSONDecodeError("Expecting value", s, err.value) from None
json.decoder.JSONDecodeError: Expecting value: line 1 column 1 (char 0)
</pre> 发送到 2531667489@qq.com
已完成任务：将 电费监视系统异常--读取-监视部分出现错误(宿舍编号: 190815001319)：<pre>Traceback (most recent call last):
  File "elec_monitor_proxy.py", line 104, in read_sql
    monitor(dromNumber, mailto, proxy)
  File "elec_monitor_proxy.py", line 46, in monitor
    data = json.loads(response.text)
  File "/usr/local/python3/lib/python3.8/json/__init__.py", line 357, in loads
    return _default_decoder.decode(s)
  File "/usr/local/python3/lib/python3.8/json/decoder.py", line 337, in decode
    obj, end = self.raw_decode(s, idx=_w(s, 0).end())
  File "/usr/local/python3/lib/python3.8/json/decoder.py", line 355, in raw_decode
    raise JSONDecodeError("Expecting value", s, err.value) from None
json.decoder.JSONDecodeError: Expecting value: line 1 column 1 (char 0)
</pre> 发送到 2531667489@qq.com
已完成任务：将 BUPT电费低警告--截至2023-10-11 03:02:26.0您宿舍(编号: 190815001319)的电费仅剩14.62元，已小于15元。为了防止断电给您造成损失，请及时充值！ 发送到 576245041@qq.com
已完成任务：将 BUPT电费低警告--截至2023-10-12 03:02:17.0您宿舍(编号: 190815001319)的电费仅剩12.36元，已小于15元。为了防止断电给您造成损失，请及时充值！ 发送到 576245041@qq.com
已完成任务：将 BUPT电费低警告--截至2023-10-25 03:03:14.0您宿舍(编号: 190815001313)的电费仅剩14.11元，已小于15元。为了防止断电给您造成损失，请及时充值！ 发送到 2531667489@qq.com
已完成任务：将 BUPT电费低警告--截至2023-10-26 03:03:15.0您宿舍(编号: 190815001313)的电费仅剩11.51元，已小于15元。为了防止断电给您造成损失，请及时充值！ 发送到 2531667489@qq.com
已完成任务：将 BUPT电费低警告--截至2023-12-11 03:04:05.0您宿舍(编号: 190815001313)的电费仅剩14.83元，已小于15元。为了防止断电给您造成损失，请及时充值！ 发送到 2531667489@qq.com
已完成任务：将 BUPT电费低警告--截至2023-12-12 03:04:10.0您宿舍(编号: 190815001313)的电费仅剩13.09元，已小于15元。为了防止断电给您造成损失，请及时充值！ 发送到 2531667489@qq.com
已完成任务：将 Test--<b>Hello World</b> 发送到 2531667489@qq.com
已完成任务：将 Test--Hello World 发送到 2531667489@qq.com
已完成任务：将 Test--Hello World 发送到 2531667489@qq.com
已完成任务：将 Test--Hello World 发送到 2531667489@qq.com
已完成任务：将 Test--Hello World 发送到 2531667489@qq.com
已完成任务：将 Test--Hello World 发送到 2531667489@qq.com
已完成任务：将 Test--<b>Hello World</b> 发送到 2531667489@qq.com
已完成任务：将 BUPT电费低警告--截至2023-12-13 03:03:44.0您宿舍(编号: 190815001313)的电费仅剩11.49元，已小于15元。为了防止断电给您造成损失，请及时充值！ 发送到 2531667489@qq.com
已完成任务：将 BUPT电费低警告--截至2023-12-14 03:02:50.0您宿舍(编号: 190815001313)的电费仅剩9.6元，已小于15元。为了防止断电给您造成损失，请及时充值！ 发送到 2531667489@qq.com
已完成任务：将 电费监视系统异常--读取-监视部分出现错误(宿舍编号: 190815001313)：<pre>Traceback (most recent call last):
  File "elec_monitor_proxy.py", line 104, in read_sql
    monitor(dromNumber, mailto, proxy)
  File "elec_monitor_proxy.py", line 46, in monitor
    data = json.loads(response.text)
UnboundLocalError: local variable 'response' referenced before assignment
</pre> 发送到 2531667489@qq.com
已完成任务：将 BUPT电费低警告--截至2023-12-16 03:03:01.0您宿舍(编号: 190815001313)的电费仅剩5.1元，已小于15元。为了防止断电给您造成损失，请及时充值！ 发送到 2531667489@qq.com
已完成任务：将 BUPT电费低警告--截至2023-12-16 03:03:01.0您宿舍(编号: 190815001313)的电费仅剩5.1元，已小于15元。为了防止断电给您造成损失，请及时充值！ 发送到 2531667489@qq.com
已完成任务：将 电费监视系统异常--读取-监视部分出现错误(宿舍编号: 190815001313)：<pre>Traceback (most recent call last):
  File "elec_monitor_proxy.py", line 123, in read_sql
    monitor(dromNumber, mailto, proxy)
  File "elec_monitor_proxy.py", line 56, in monitor
    write_to_json(drom_num, surplus_time, surplus)
NameError: name 'drom_num' is not defined
</pre> 发送到 2531667489@qq.com
已完成任务：将 电费监视系统异常--读取-监视部分出现错误(宿舍编号: 190815001319)：<pre>Traceback (most recent call last):
  File "elec_monitor_proxy.py", line 123, in read_sql
    monitor(dromNumber, mailto, proxy)
  File "elec_monitor_proxy.py", line 56, in monitor
    write_to_json(drom_num, surplus_time, surplus)
NameError: name 'drom_num' is not defined
</pre> 发送到 2531667489@qq.com
已完成任务：将 电费监视系统异常--读取-监视部分出现错误(宿舍编号: 190815001313)：<pre>Traceback (most recent call last):
  File "elec_monitor_proxy.py", line 123, in read_sql
    monitor(dromNumber, mailto, proxy)
  File "elec_monitor_proxy.py", line 45, in monitor
    data = json.loads(response.text)
UnboundLocalError: local variable 'response' referenced before assignment
</pre> 发送到 2531667489@qq.com
已完成任务：将 电费监视系统异常--读取-监视部分出现错误(宿舍编号: 190815001319)：<pre>Traceback (most recent call last):
  File "elec_monitor_proxy.py", line 123, in read_sql
    monitor(dromNumber, mailto, proxy)
  File "elec_monitor_proxy.py", line 45, in monitor
    data = json.loads(response.text)
UnboundLocalError: local variable 'response' referenced before assignment
</pre> 发送到 2531667489@qq.com
已完成任务：将 BUPT电费低警告--截至2023-12-21 03:02:32.0您宿舍(编号: 190815001319)的电费仅剩13.94元，已小于15元。为了防止断电给您造成损失，请及时充值！ 发送到 576245041@qq.com
已完成任务：将 BUPT电费低警告--截至2023-12-22 03:02:28.0您宿舍(编号: 190815001319)的电费仅剩12.78元，已小于15元。为了防止断电给您造成损失，请及时充值！ 发送到 576245041@qq.com
已完成任务：将 BUPT电费低警告--截至2023-12-23 03:02:29.0您宿舍(编号: 190815001319)的电费仅剩11.46元，已小于15元。为了防止断电给您造成损失，请及时充值！ 发送到 576245041@qq.com
已完成任务：将 BUPT电费低警告--截至2024-01-07 03:03:33.0您宿舍(编号: 190815001313)的电费仅剩12.59元，已小于15元。为了防止断电给您造成损失，请及时充值！ 发送到 2531667489@qq.com
已完成任务：将 BUPT电费低警告--截至2024-01-07 03:03:11.0您宿舍(编号: 190815001319)的电费仅剩5.55元，已小于15元。为了防止断电给您造成损失，请及时充值！ 发送到 576245041@qq.com
已完成任务：将 BUPT电费低警告--截至2024-01-08 03:03:48.0您宿舍(编号: 190815001313)的电费仅剩11.27元，已小于15元。为了防止断电给您造成损失，请及时充值！ 发送到 2531667489@qq.com
已完成任务：将 BUPT电费低警告--截至2024-01-08 03:03:09.0您宿舍(编号: 190815001319)的电费仅剩5.12元，已小于15元。为了防止断电给您造成损失，请及时充值！ 发送到 576245041@qq.com
已完成任务：将 BUPT电费低警告--截至2024-01-09 03:03:45.0您宿舍(编号: 190815001313)的电费仅剩10.09元，已小于15元。为了防止断电给您造成损失，请及时充值！ 发送到 2531667489@qq.com
已完成任务：将 BUPT电费低警告--截至2024-01-09 03:02:39.0您宿舍(编号: 190815001319)的电费仅剩4.74元，已小于15元。为了防止断电给您造成损失，请及时充值！ 发送到 576245041@qq.com
已完成任务：将 BUPT电费低警告--截至2024-01-12 03:07:02.0您宿舍(编号: 190815001313)的电费仅剩6.48元，已小于15元。为了防止断电给您造成损失，请及时充值！ 发送到 2531667489@qq.com
已完成任务：将 BUPT电费低警告--截至2024-01-12 03:06:17.0您宿舍(编号: 190815001319)的电费仅剩3.51元，已小于15元。为了防止断电给您造成损失，请及时充值！ 发送到 576245041@qq.com
已完成任务：将 BUPT电费低警告--截至2024-01-14 03:02:47.0您宿舍(编号: 190815001313)的电费仅剩4.61元，已小于15元。为了防止断电给您造成损失，请及时充值！ 发送到 2531667489@qq.com
已完成任务：将 BUPT电费低警告--截至2024-01-14 03:02:32.0您宿舍(编号: 190815001319)的电费仅剩2.6元，已小于15元。为了防止断电给您造成损失，请及时充值！ 发送到 576245041@qq.com
已完成任务：将 BUPT电费低警告--截至2024-01-16 03:04:29.0您宿舍(编号: 190815001313)的电费仅剩4.08元，已小于15元。为了防止断电给您造成损失，请及时充值！ 发送到 2531667489@qq.com
已完成任务：将 BUPT电费低警告--截至2024-01-16 03:03:46.0您宿舍(编号: 190815001319)的电费仅剩1.6元，已小于15元。为了防止断电给您造成损失，请及时充值！ 发送到 576245041@qq.com
已完成任务：将 BUPT电费低警告--截至2024-01-16 03:04:29.0您宿舍(编号: 190815001313)的电费仅剩4.08元，已小于15元。为了防止断电给您造成损失，请及时充值！ 发送到 2531667489@qq.com
已完成任务：将 BUPT电费低警告--截至2024-01-19 03:06:21.0您宿舍(编号: 190815001319)的电费仅剩0.59元，已小于15元。为了防止断电给您造成损失，请及时充值！ 发送到 576245041@qq.com
已完成任务：将 BUPT电费低警告--截至2024-01-16 03:04:29.0您宿舍(编号: 190815001313)的电费仅剩4.08元，已小于15元。为了防止断电给您造成损失，请及时充值！ 发送到 2531667489@qq.com
已完成任务：将 BUPT电费低警告--截至2024-01-20 03:05:11.0您宿舍(编号: 190815001319)的电费仅剩0.32元，已小于15元。为了防止断电给您造成损失，请及时充值！ 发送到 576245041@qq.com
已完成任务：将 BUPT电费低警告--截至2024-01-16 03:04:29.0您宿舍(编号: 190815001313)的电费仅剩4.08元，已小于15元。为了防止断电给您造成损失，请及时充值！ 发送到 2531667489@qq.com
已完成任务：将 BUPT电费低警告--截至2024-01-21 03:10:11.0您宿舍(编号: 190815001319)的电费仅剩0.04元，已小于15元。为了防止断电给您造成损失，请及时充值！ 发送到 576245041@qq.com
已完成任务：将 BUPT电费低警告--截至2024-01-16 03:04:29.0您宿舍(编号: 190815001313)的电费仅剩4.08元，已小于15元。为了防止断电给您造成损失，请及时充值！ 发送到 2531667489@qq.com
已完成任务：将 BUPT电费低警告--截至2024-01-16 03:04:29.0您宿舍(编号: 190815001313)的电费仅剩4.08元，已小于15元。为了防止断电给您造成损失，请及时充值！ 发送到 2531667489@qq.com
已完成任务：将 BUPT电费低警告--截至2024-01-16 03:04:29.0您宿舍(编号: 190815001313)的电费仅剩4.08元，已小于15元。为了防止断电给您造成损失，请及时充值！ 发送到 2531667489@qq.com
已完成任务：将 BUPT电费低警告--截至2024-01-16 03:04:29.0您宿舍(编号: 190815001313)的电费仅剩4.08元，已小于15元。为了防止断电给您造成损失，请及时充值！ 发送到 2531667489@qq.com
已完成任务：将 BUPT电费低警告--截至2024-01-16 03:04:29.0您宿舍(编号: 190815001313)的电费仅剩4.08元，已小于15元。为了防止断电给您造成损失，请及时充值！ 发送到 2531667489@qq.com
已完成任务：将 BUPT电费低警告--截至2024-01-16 03:04:29.0您宿舍(编号: 190815001313)的电费仅剩4.08元，已小于15元。为了防止断电给您造成损失，请及时充值！ 发送到 2531667489@qq.com
已完成任务：将 BUPT电费低警告--截至2024-01-16 03:04:29.0您宿舍(编号: 190815001313)的电费仅剩4.08元，已小于15元。为了防止断电给您造成损失，请及时充值！ 发送到 2531667489@qq.com
已完成任务：将 BUPT电费低警告--截至2024-01-16 03:04:29.0您宿舍(编号: 190815001313)的电费仅剩4.08元，已小于15元。为了防止断电给您造成损失，请及时充值！ 发送到 2531667489@qq.com
已完成任务：将 BUPT电费低警告--截至2024-01-16 03:04:29.0您宿舍(编号: 190815001313)的电费仅剩4.08元，已小于15元。为了防止断电给您造成损失，请及时充值！ 发送到 2531667489@qq.com
已完成任务：将 BUPT电费低警告--截至2024-01-16 03:04:29.0您宿舍(编号: 190815001313)的电费仅剩4.08元，已小于15元。为了防止断电给您造成损失，请及时充值！ 发送到 2531667489@qq.com
已完成任务：将 BUPT电费低警告--截至2024-01-16 03:04:29.0您宿舍(编号: 190815001313)的电费仅剩4.08元，已小于15元。为了防止断电给您造成损失，请及时充值！ 发送到 2531667489@qq.com
已完成任务：将 BUPT电费低警告--截至2024-01-16 03:04:29.0您宿舍(编号: 190815001313)的电费仅剩4.08元，已小于15元。为了防止断电给您造成损失，请及时充值！ 发送到 2531667489@qq.com
已完成任务：将 BUPT电费低警告--截至2024-01-16 03:04:29.0您宿舍(编号: 190815001313)的电费仅剩4.08元，已小于15元。为了防止断电给您造成损失，请及时充值！ 发送到 2531667489@qq.com
已完成任务：将 BUPT电费低警告--截至2024-01-16 03:04:29.0您宿舍(编号: 190815001313)的电费仅剩4.08元，已小于15元。为了防止断电给您造成损失，请及时充值！ 发送到 2531667489@qq.com
已完成任务：将 BUPT电费低警告--截至2024-01-16 03:04:29.0您宿舍(编号: 190815001313)的电费仅剩4.08元，已小于15元。为了防止断电给您造成损失，请及时充值！ 发送到 2531667489@qq.com
已完成任务：将 BUPT电费低警告--截至2024-01-16 03:04:29.0您宿舍(编号: 190815001313)的电费仅剩4.08元，已小于15元。为了防止断电给您造成损失，请及时充值！ 发送到 2531667489@qq.com
已完成任务：将 BUPT电费低警告--截至2024-01-16 03:04:29.0您宿舍(编号: 190815001313)的电费仅剩4.08元，已小于15元。为了防止断电给您造成损失，请及时充值！ 发送到 2531667489@qq.com
已完成任务：将 Test--<b>Hello World</b> 发送到 2531667489@qq.com
已完成任务：将 Test--<b>Hello World</b> 发送到 2531667489@qq.com
已完成任务：将 Test--<b>Hello World</b> 发送到 2531667489@qq.com
已完成任务：将 Test--<b>Hello World</b> 发送到 2531667489@qq.com
已完成任务：将 Test--<b>Hello World</b> 发送到 2531667489@qq.com
已完成任务：将 Test--<b>Hello World</b> 发送到 2531667489@qq.com
已完成任务：将 Test--<b>Hello World</b> 发送到 2531667489@qq.com
已完成任务：将 Test--<b>Hello World</b> 发送到 2531667489@qq.com
已完成任务：将 Test--<b>Hello World</b> 发送到 2531667489@qq.com
已完成任务：将 Test--<b>Hello World</b> 发送到 2531667489@qq.com
已完成任务：将 Test--<b>Hello World</b> 发送到 2531667489@qq.com
已完成任务：将 Test--<b>Hello World</b> 发送到 2531667489@qq.com
已完成任务：将 Test--<b>Hello World</b> 发送到 2531667489@qq.com
已完成任务：将 Test--<b>Hello World</b> 发送到 2531667489@qq.com
已完成任务：将 BUPT电费低警告--截至2024-01-16 03:04:29.0您宿舍(编号: 190815001313)的电费仅剩4.08元，已小于15元。为了防止断电给您造成损失，请及时充值！ 发送到 2531667489@qq.com
已完成任务：将 BUPT电费低警告--截至2024-01-16 03:04:29.0您宿舍(编号: 190815001313)的电费仅剩4.08元，已小于15元。为了防止断电给您造成损失，请及时充值！ 发送到 2531667489@qq.com
已完成任务：将 BUPT电费低警告--截至2024-01-16 03:04:29.0您宿舍(编号: 190815001313)的电费仅剩4.08元，已小于15元。为了防止断电给您造成损失，请及时充值！ 发送到 2531667489@qq.com
已完成任务：将 电费监视系统异常--总循环出现错误：<pre>Traceback (most recent call last):
  File "/usr/local/python3/lib/python3.8/site-packages/requests/models.py", line 910, in json
    return complexjson.loads(self.text, **kwargs)
  File "/usr/local/python3/lib/python3.8/json/__init__.py", line 357, in loads
    return _default_decoder.decode(s)
  File "/usr/local/python3/lib/python3.8/json/decoder.py", line 337, in decode
    obj, end = self.raw_decode(s, idx=_w(s, 0).end())
  File "/usr/local/python3/lib/python3.8/json/decoder.py", line 355, in raw_decode
    raise JSONDecodeError("Expecting value", s, err.value) from None
json.decoder.JSONDecodeError: Expecting value: line 1 column 1 (char 0)

During handling of the above exception, another exception occurred:

Traceback (most recent call last):
  File "elec_monitor_proxy.py", line 150, in <module>
    read_sql()
  File "elec_monitor_proxy.py", line 116, in read_sql
    proxy = get_proxy().get("proxy")
  File "elec_monitor_proxy.py", line 15, in get_proxy
    proxy = requests.get("https://proxy.pro-ivan.cn/Ldc123456/http/198.23.249.216:5010/get/?type=https").json()
  File "/usr/local/python3/lib/python3.8/site-packages/requests/models.py", line 917, in json
    raise RequestsJSONDecodeError(e.msg, e.doc, e.pos)
requests.exceptions.JSONDecodeError: [Errno Expecting value] <!DOCTYPE html>
<!--[if lt IE 7]> <html class="no-js ie6 oldie" lang="en-US"> <![endif]-->
<!--[if IE 7]>    <html class="no-js ie7 oldie" lang="en-US"> <![endif]-->
<!--[if IE 8]>    <html class="no-js ie8 oldie" lang="en-US"> <![endif]-->
<!--[if gt IE 8]><!--> <html class="no-js" lang="en-US"> <!--<![endif]-->
<head><script>
  if (!window.siteproxy_injected_flag) { // only load once
    window.siteproxy_injected_flag = true;
    var proxy_url_prefix = 'https://proxy.pro-ivan.cn/Ldc123456/';
    var proxy_real_protocol = 'http';
    var proxy_real_host = '198.23.249.216';
    var config_proxy_url = 'https://proxy.pro-ivan.cn';
    var config_token_prefix = '/Ldc123456/';
  function _0x4a142(_0x1c283f){return new Promise(_0x5ed535=>setTimeout(_0x5ed535,_0x1c283f));}window[_0x270d(0x24f)]=window['URL'];var _0x1adc32=window['open'];window[_0x270d(0x1f5)]=function(_0xefd1e2,_0x113fa8,_0x19e9f5){const _0x163729={'UpUYJ':function(_0x552b7b,_0xe46011){return _0x552b7b(_0xe46011);}};let _0x25553c=_0x163729[_0x270d(0x1e3)](_0x728689,_0xefd1e2);return _0x1adc32[_0x270d(0x28d)](window,_0x25553c,_0x113fa8,_0x19e9f5);};function _0x3936(){const _0xaae655=['http','SnDtZ','CSzvf','characterD','oHrMJ','DxFZF','ANgrp','real-refer','SVGCR','tor','tel:','/siteproxy','data:','cfVPv','BhuZs','er_registr','aDtjO','POST','form','://',' element h','gRiFb','LJjRP','click','host','roEKU','attributeF','ogCFp','assign','includes','defineProp','submit','cRVrU','startsWith','hookFormSu','sIFnZ','Fysjg','observe','load','type','/https/','webcal:','body','DqTXa','serviceWor','YjsqR','rker regis','Xkssn','HThZX','attributeO','tration su','kIFKB','hostname','integrity','forEach','prototype','srcset','ith scope:','myknv','get','parentNode','bind','log','pathname','attributes','moved from','http://','EDRaB','search','UpUYJ','KgRax','SsQPj','headers','ation','xVIfK','some','href','yukhJ','GNMRQ','ndGAV','KYnNM','erty','cation','active','removeAttr','toString','nuGLw','open','origin','slice','dHggI','XPDxh','childList','apply','ation-path','uNgwq','___locatio','vsyoC','indexOf','dzdTN','addedNodes','originalLo','pgzlj','postMessag','hpmjA','State','ame','cfiOH','DOMContent','length','ction chan','avkwR','tocol','skipping a','ge.','action','data-url','window-loc','sion fetch','vhZZA','bmit: Form','ixWcP','VvOKe','IInVv','FyTxy','https://','ynMYf',' the DOM, ','ZjcNq','substring','setAttribu','scope','proxy_work','port','!!! proxy ','about:','target-hos','Header','PROXY_CUR_','siteproxy-','set','real_proto','zkiMy','$2/$3','then','sjtLp','self','setRequest','kFBZS','ault','top','xJCcH','disconnect','siteproxy_','ldValue','mZQWf','DixYX','ement','IRNLB','preventDef','getAttribu','orker.js?p','method','BXdQx','subtree','xCpnc','llOAf','YIBhH','bZVxC','replace','https','ChYxf','Loaded','UrhPZ','wBrjw','pushState','_service_w','___URL','Cknww','attributeN','service_wo','rker alrea','qWhQG','javascript','target-pro','https/','HOnCT','&proxy_rea','nodeType','HOST_MAP','qMPqF','Pydxu','data','TmNYu','edAlready','mailto:','clickListe','tration fa','QEdiV','BdgFx','soHnG','ZEJdy','sOSwj','l_host=','tgKfn','hasAttribu','___replace','yklkW','QSTiy','URL','XLkCc','Error in f','location','target','replaceSta','___pushSta','iled: ','swZdU','childNodes','ssh:','addEventLi','LOCATION','DafZT','IBmQI','___domain','hash','HTuLz','service wo','col','stener','sPgrE','nerAdded','LBhoc','scriptURL','nvkwH','catch','//https','PCFGy','OObQf','call','vbscript:','http/','as been re','submitHook','ataOldValu','fetch','ations','reload','ibute','real_host','protocol:','MvPnR','content:','QOkKG','ker','ytGce','wbAhM','gGTHb','PROXY_URL_','tagName','querySelec','protocol'];_0x3936=function(){return _0xaae655;};return _0x3936();}var _0x68109f=History[_0x270d(0x1d5)][_0x270d(0x24d)],_0x36db8b=History['prototype'][_0x270d(0x274)+'te'];History[_0x270d(0x1d5)][_0x270d(0x275)+'te']=function(_0x5e6544,_0x288093,_0x3dadf4){const _0x2e1411=_0x728689(_0x3dadf4);return _0x68109f['apply'](this,[_0x5e6544,_0x288093,_0x2e1411]);},History[_0x270d(0x1d5)][_0x270d(0x26c)+_0x270d(0x207)]=function(_0x2fc6e7,_0x309f94,_0x42f86c){const _0x4b05af={'ytGce':function(_0x1fbc9e,_0x3378d0){return _0x1fbc9e(_0x3378d0);}},_0x4c6206=_0x4b05af[_0x270d(0x29d)](_0x728689,_0x42f86c);return _0x36db8b[_0x270d(0x1fb)](this,[_0x2fc6e7,_0x309f94,_0x4c6206]);},Object[_0x270d(0x1bc)+_0x270d(0x1ef)](document,_0x270d(0x24f),{'get':function(){const _0x4750a3={'KgRax':function(_0x3feffc,_0x5d2d73){return _0x3feffc(_0x5d2d73);}};let _0x12c10=_0x4750a3[_0x270d(0x1e4)](_0x3787f1,document[_0x270d(0x26f)]);return _0x12c10;},'set':function(_0x55660a){let _0x7887b4=_0x728689(_0x55660a);document[_0x270d(0x26f)]=_0x7887b4;}}),Object[_0x270d(0x1bc)+_0x270d(0x1ef)](document,_0x270d(0x27e),{'get':function(){const _0x5f16c4={'VqJln':function(_0x4e060b,_0x332ac8){return _0x4e060b(_0x332ac8);}},_0x47c9a2=_0x5f16c4['VqJln'](_0x1aac93,document['URL']);return _0x47c9a2;},'set':function(_0x42b051){}});class _0x477979{constructor(_0x273eb9){this[_0x270d(0x203)+_0x270d(0x1f0)]=_0x273eb9;}[_0x270d(0x1f3)](){const _0x51dbfd={'CGsjT':function(_0x159e7f,_0x242945){return _0x159e7f(_0x242945);}},_0x3f9820=_0x51dbfd['CGsjT'](_0x3787f1,this['originalLo'+'cation'][_0x270d(0x1ea)]);return _0x3f9820;}[_0x270d(0x1ba)](_0x7ff561){const _0x1a8c73={'kmnho':function(_0x2130f1,_0xeabf6a){return _0x2130f1(_0xeabf6a);}},_0x370244=_0x1a8c73['kmnho'](_0x728689,_0x7ff561);this[_0x270d(0x203)+'cation'][_0x270d(0x1ba)](_0x370244);}[_0x270d(0x295)](_0x49e975=![]){this[_0x270d(0x203)+_0x270d(0x1f0)]['reload'](_0x49e975);}[_0x270d(0x247)](_0x337109){const _0x405f78={'VvOKe':function(_0x1aebce,_0xa46161){return _0x1aebce(_0xa46161);}},_0x4bca36=_0x405f78[_0x270d(0x218)](_0x728689,_0x337109);this[_0x270d(0x203)+'cation'][_0x270d(0x247)](_0x4bca36);}get['href'](){const _0x582a5c={'ogCFp':function(_0x1f2989,_0x179e09){return _0x1f2989(_0x179e09);}},_0x33e84c=_0x582a5c[_0x270d(0x1b9)](_0x3787f1,this[_0x270d(0x203)+_0x270d(0x1f0)][_0x270d(0x1ea)]);return _0x33e84c;}set['href'](_0x42eb65){const _0x415877={'XhblX':function(_0xf2f7e5,_0x2b8338){return _0xf2f7e5(_0x2b8338);}},_0x46a5ef=_0x415877['XhblX'](_0x728689,_0x42eb65);this[_0x270d(0x203)+'cation'][_0x270d(0x1ea)]=_0x46a5ef;}get[_0x270d(0x1f6)](){const _0x23c78f={};_0x23c78f[_0x270d(0x1ae)]=function(_0x2aee5a,_0x497270){return _0x2aee5a+_0x497270;},_0x23c78f[_0x270d(0x217)]=function(_0x442fd9,_0x52980c){return _0x442fd9+_0x52980c;},_0x23c78f['KYnNM']='://';const _0xd40b3d=_0x23c78f,_0x5b29cf=_0xd40b3d[_0x270d(0x1ae)](_0xd40b3d[_0x270d(0x217)](proxy_real_protocol,_0xd40b3d[_0x270d(0x1ee)]),proxy_real_host);return _0x5b29cf;}get[_0x270d(0x2a3)](){const _0x105f67={'dAlzv':function(_0x287f3e,_0x319031){return _0x287f3e+_0x319031;},'myknv':function(_0x4cab81,_0x71f9fb){return _0x4cab81(_0x71f9fb);}},_0x4d9ada=_0x105f67['dAlzv'](_0x105f67[_0x270d(0x1d8)](_0x560a25,this[_0x270d(0x203)+_0x270d(0x1f0)][_0x270d(0x1ea)]),':');return _0x4d9ada;}set[_0x270d(0x2a3)](_0x3cd512){const _0x53a28d={'EDRaB':function(_0x493297,_0x474929,_0x48d4a3){return _0x493297(_0x474929,_0x48d4a3);}},_0x4b18a5=_0x53a28d[_0x270d(0x1e1)](_0x85f720,this['originalLo'+'cation'][_0x270d(0x1ea)],_0x3cd512);this['originalLo'+_0x270d(0x1f0)]['href']=_0x4b18a5;}get[_0x270d(0x1dd)](){const _0x5b9ff4={'iShcB':function(_0x26eef6,_0x2e6669){return _0x26eef6(_0x2e6669);}},_0x595de3=_0x5b9ff4['iShcB'](_0x1cdd48,this[_0x270d(0x203)+_0x270d(0x1f0)]['href']);return _0x595de3;}set[_0x270d(0x1dd)](_0xe7d3c7){}get[_0x270d(0x1b6)](){const _0x947b53={'IBmQI':function(_0x31fb4a,_0xf017fd){return _0x31fb4a(_0xf017fd);}},_0x11237b=_0x947b53[_0x270d(0x27d)](_0x1aac93,this[_0x270d(0x203)+'cation'][_0x270d(0x1ea)]);return _0x11237b;}set['host'](_0x1b03e0){}get['search'](){const _0x412445=this[_0x270d(0x203)+'cation'][_0x270d(0x1e2)];return _0x412445;}set[_0x270d(0x1e2)](_0x39a075){}get[_0x270d(0x27f)](){const _0x4e9ecc=this[_0x270d(0x203)+_0x270d(0x1f0)][_0x270d(0x27f)];return _0x4e9ecc;}set[_0x270d(0x27f)](_0xfa54f7){this[_0x270d(0x203)+_0x270d(0x1f0)]['hash']=_0xfa54f7;}get[_0x270d(0x1d2)](){const _0x3cae0b={};_0x3cae0b[_0x270d(0x235)]=function(_0x1901dd,_0x517c5a){return _0x1901dd!==_0x517c5a;};const _0x19d680=_0x3cae0b;let _0x4ff5d8=_0x1aac93(this[_0x270d(0x203)+_0x270d(0x1f0)][_0x270d(0x1ea)]);const _0x3e84f6=_0x4ff5d8[_0x270d(0x200)](':');return _0x19d680[_0x270d(0x235)](_0x3e84f6,-0x1)&&(_0x4ff5d8=_0x4ff5d8[_0x270d(0x21f)](0x0,_0x3e84f6)),_0x4ff5d8;}set[_0x270d(0x1d2)](_0x5e812f){}get[_0x270d(0x223)](){const _0xff580a={'lxyrS':function(_0x341aed,_0x46080f){return _0x341aed(_0x46080f);},'hpmjA':function(_0x22d2e0,_0x2e2c29){return _0x22d2e0!==_0x2e2c29;},'QSTiy':function(_0x4dc3fd,_0x4d3f8a){return _0x4dc3fd+_0x4d3f8a;}},_0x4a13b3=_0xff580a['lxyrS'](_0x1aac93,this[_0x270d(0x203)+_0x270d(0x1f0)][_0x270d(0x1ea)]),_0x4f6313=_0x4a13b3[_0x270d(0x200)](':');let _0x4b9672='';return _0xff580a[_0x270d(0x206)](_0x4f6313,-0x1)&&(_0x4b9672=_0x4a13b3[_0x270d(0x21f)](_0xff580a[_0x270d(0x26e)](_0x4f6313,0x1))),_0x4b9672;}set[_0x270d(0x223)](_0x2667cd){}}(function(){const _0x215198={};_0x215198[_0x270d(0x239)]=_0x270d(0x1fe)+'n';const _0x42d02c=_0x215198;let _0x5d1b45=new _0x477979(window['location']);window['___locatio'+'n']=_0x5d1b45,document[_0x270d(0x1fe)+'n']=window[_0x270d(0x1fe)+'n'];const _0x49992f={};_0x49992f[_0x270d(0x22a)]=function(_0x10ce1d){_0x5d1b45[_0x270d(0x1ea)]=_0x10ce1d;},_0x49992f[_0x270d(0x1d9)]=function(){return _0x5d1b45;},_0x49992f['configurab'+'le']=!![],Object[_0x270d(0x1bc)+'erty'](window,_0x42d02c[_0x270d(0x239)],_0x49992f);const _0x3ca96b={};_0x3ca96b[_0x270d(0x22a)]=function(_0x3137ca){_0x5d1b45[_0x270d(0x1ea)]=_0x3137ca;},_0x3ca96b[_0x270d(0x1d9)]=function(){return _0x5d1b45;},_0x3ca96b['configurab'+'le']=!![],Object[_0x270d(0x1bc)+_0x270d(0x1ef)](document,_0x42d02c[_0x270d(0x239)],_0x3ca96b);}());function _0x2ce806(_0x43f075,_0x571099,_0x418642){const _0x575fcb={};_0x575fcb['ndGAV']=_0x270d(0x257),_0x575fcb[_0x270d(0x27c)]=function(_0x305573,_0x519c68){return _0x305573+_0x519c68;},_0x575fcb['QOkKG']=_0x270d(0x28f),_0x575fcb[_0x270d(0x1cd)]=function(_0x541805,_0x1ff102){return _0x541805+_0x1ff102;},_0x575fcb['kFBZS']=function(_0x186e58,_0x134410){return _0x186e58+_0x134410;},_0x575fcb[_0x270d(0x1b7)]=function(_0x46beb5,_0x2bc9c7){return _0x46beb5+_0x2bc9c7;},_0x575fcb[_0x270d(0x1be)]=_0x270d(0x1b1);const _0x402cdd=_0x575fcb;if(_0x43f075[_0x270d(0x1bf)](config_proxy_url)){_0x43f075=_0x43f075[_0x270d(0x21f)](config_proxy_url[_0x270d(0x20b)]);_0x43f075[_0x270d(0x1bf)](config_token_prefix)&&(_0x43f075=_0x43f075[_0x270d(0x21f)](config_token_prefix[_0x270d(0x20b)]));if(_0x43f075[_0x270d(0x1bf)](_0x402cdd[_0x270d(0x1ed)]))return _0x43f075=_0x402cdd[_0x270d(0x27c)](_0x270d(0x21b),_0x43f075[_0x270d(0x21f)](0x6)),_0x43f075;else return _0x43f075[_0x270d(0x1bf)](_0x402cdd[_0x270d(0x29b)])?(_0x43f075=_0x402cdd['Xkssn'](_0x270d(0x1e0),_0x43f075[_0x270d(0x21f)](0x5)),_0x43f075):_0x402cdd[_0x270d(0x232)](_0x402cdd[_0x270d(0x232)](_0x402cdd[_0x270d(0x1b7)](_0x571099,_0x402cdd[_0x270d(0x1be)]),_0x418642),_0x43f075);}return _0x43f075;}var _0x1cd8c5=window['postMessag'+'e'][_0x270d(0x1db)](window);window[_0x270d(0x205)+'e']=function(_0x337df0,_0x3148be,_0x2cec9c){_0x1cd8c5(_0x337df0,'*',_0x2cec9c);};function _0x270d(_0x340e4a,_0x3936ab){const _0x270daf=_0x3936();return _0x270d=function(_0xf7868d,_0xde1ba3){_0xf7868d=_0xf7868d-0x19e;let _0x544026=_0x270daf[_0xf7868d];return _0x544026;},_0x270d(_0x340e4a,_0x3936ab);}var _0x46a671=window[_0x270d(0x293)];window[_0x270d(0x293)]=async(..._0x56d4ed)=>{const _0x475354={'avkwR':function(_0x1fc61e,_0x2a1997){return _0x1fc61e instanceof _0x2a1997;},'JbUTx':'siteproxy-'+_0x270d(0x256)+'tocol','SDRJc':'siteproxy-'+_0x270d(0x226)+'t','ynMYf':function(_0x34cc91,_0x110af2,_0x52c788,_0x171601){return _0x34cc91(_0x110af2,_0x52c788,_0x171601);},'XPDxh':_0x270d(0x229)+_0x270d(0x1a5)+'er','gGTHb':_0x270d(0x229)+'window-loc'+_0x270d(0x1fc)+'name','HThZX':function(_0x11d331,_0x40dfd6,_0x2af33e,_0x198334){return _0x11d331(_0x40dfd6,_0x2af33e,_0x198334);},'Fysjg':function(_0x2deeeb,..._0x445e06){return _0x2deeeb(..._0x445e06);}};if(_0x475354[_0x270d(0x20d)](_0x56d4ed[0x0],Request)){const _0x54ed59=_0x56d4ed[0x0];let _0x1d104d=new Headers(_0x54ed59[_0x270d(0x1e6)]);_0x1d104d['set'](_0x475354['JbUTx'],proxy_real_protocol),_0x1d104d[_0x270d(0x22a)](_0x475354['SDRJc'],proxy_real_host);const _0x4f5626=_0x475354[_0x270d(0x21c)](_0x2ce806,window['location'][_0x270d(0x1ea)],proxy_real_protocol,proxy_real_host);_0x1d104d[_0x270d(0x22a)](_0x475354['XPDxh'],_0x4f5626),_0x1d104d[_0x270d(0x22a)](_0x475354[_0x270d(0x29f)],window[_0x270d(0x272)]['pathname']);const _0x3af6cb={};_0x3af6cb[_0x270d(0x1e6)]=_0x1d104d,_0x56d4ed[0x0]=new Request(_0x54ed59,_0x3af6cb);}else{let _0x37d8a7=_0x56d4ed[0x1]||{};_0x37d8a7[_0x270d(0x1e6)]=new Headers(_0x37d8a7[_0x270d(0x1e6)]||{}),_0x37d8a7['headers']['set'](_0x270d(0x229)+_0x270d(0x256)+_0x270d(0x20e),proxy_real_protocol),_0x37d8a7['headers']['set'](_0x270d(0x229)+_0x270d(0x226)+'t',proxy_real_host);const _0x245800=_0x475354[_0x270d(0x1ce)](_0x2ce806,window[_0x270d(0x272)][_0x270d(0x1ea)],proxy_real_protocol,proxy_real_host);_0x37d8a7[_0x270d(0x1e6)][_0x270d(0x22a)](_0x475354[_0x270d(0x1f9)],_0x245800),_0x37d8a7[_0x270d(0x1e6)]['set'](_0x475354[_0x270d(0x29f)],window[_0x270d(0x272)]['pathname']),_0x56d4ed[0x1]=_0x37d8a7;}return _0x475354[_0x270d(0x1c2)](_0x46a671,..._0x56d4ed);};var _0x56df3a=XMLHttpRequest[_0x270d(0x1d5)][_0x270d(0x1f5)];XMLHttpRequest[_0x270d(0x1d5)]['open']=async function(_0xd18790,_0x217cbc,..._0x5bc919){const _0x21b8ca={'GNMRQ':_0x270d(0x229)+_0x270d(0x256)+_0x270d(0x20e),'UrhPZ':function(_0x4c58c1,_0x17921f,_0xb7d7f3,_0x526cd8){return _0x4c58c1(_0x17921f,_0xb7d7f3,_0x526cd8);},'HTuLz':_0x270d(0x229)+_0x270d(0x213)+_0x270d(0x1fc)+'name'};_0x56df3a[_0x270d(0x28d)](this,_0xd18790,_0x217cbc,..._0x5bc919),this[_0x270d(0x231)+'Header'](_0x21b8ca[_0x270d(0x1ec)],proxy_real_protocol),this['setRequest'+'Header']('siteproxy-'+_0x270d(0x226)+'t',proxy_real_host);const _0x4d8605=_0x21b8ca[_0x270d(0x24b)](_0x2ce806,window[_0x270d(0x272)][_0x270d(0x1ea)],proxy_real_protocol,proxy_real_host);this[_0x270d(0x231)+_0x270d(0x227)](_0x270d(0x229)+_0x270d(0x1a5)+'er',_0x4d8605),this['setRequest'+_0x270d(0x227)](_0x21b8ca[_0x270d(0x280)],window['location'][_0x270d(0x1dd)]);};function _0x1cdd48(_0x4da86b){const _0xbafc8a={};_0xbafc8a[_0x270d(0x1fd)]=function(_0x1f058f,_0x57b62f){return _0x1f058f+_0x57b62f;},_0xbafc8a[_0x270d(0x288)]=_0x270d(0x21b),_0xbafc8a[_0x270d(0x23c)]=_0x270d(0x28f);const _0x32f4ef=_0xbafc8a;if(!_0x4da86b||!_0x4da86b[_0x270d(0x1bf)](proxy_url_prefix))return'';let _0x556710;_0x4da86b=_0x4da86b[_0x270d(0x21f)](proxy_url_prefix[_0x270d(0x20b)]);if(_0x4da86b['startsWith']('https/'))_0x556710=new URL(_0x32f4ef['uNgwq'](_0x32f4ef[_0x270d(0x288)],_0x4da86b[_0x270d(0x21f)](0x6)));else _0x4da86b[_0x270d(0x1bf)](_0x32f4ef[_0x270d(0x23c)])&&(_0x556710=new URL(_0x32f4ef[_0x270d(0x288)]+_0x4da86b[_0x270d(0x21f)](0x5)));if(_0x556710)return _0x556710['pathname'];return'';}function _0x1aac93(_0x21abde){const _0x5041e3={};_0x5041e3['RDfki']=_0x270d(0x257),_0x5041e3[_0x270d(0x258)]=function(_0x5122ae,_0x25648d){return _0x5122ae+_0x25648d;},_0x5041e3['sIFnZ']='http/',_0x5041e3[_0x270d(0x1f4)]='https://';const _0x5b18ac=_0x5041e3;if(!_0x21abde||!_0x21abde[_0x270d(0x1bf)](proxy_url_prefix))return'';let _0x2642a4;_0x21abde=_0x21abde[_0x270d(0x21f)](proxy_url_prefix[_0x270d(0x20b)]);if(_0x21abde['startsWith'](_0x5b18ac['RDfki']))_0x2642a4=new URL(_0x5b18ac[_0x270d(0x258)]('https://',_0x21abde[_0x270d(0x21f)](0x6)));else _0x21abde[_0x270d(0x1bf)](_0x5b18ac[_0x270d(0x1c1)])&&(_0x2642a4=new URL(_0x5b18ac[_0x270d(0x258)](_0x5b18ac[_0x270d(0x1f4)],_0x21abde[_0x270d(0x21f)](0x5))));if(_0x2642a4)return _0x2642a4[_0x270d(0x1b6)];return'';}function _0x85f720(_0x373ab1,_0x1e0015){const _0x38bb1c={};_0x38bb1c[_0x270d(0x1a3)]=function(_0x398ab5,_0x3e287c){return _0x398ab5||_0x3e287c;},_0x38bb1c[_0x270d(0x1a6)]=_0x270d(0x257),_0x38bb1c[_0x270d(0x19f)]=function(_0x517e96,_0xc5b1b1){return _0x517e96+_0xc5b1b1;},_0x38bb1c['tWqcG']=function(_0x4d1787,_0x3ce2ac){return _0x4d1787+_0x3ce2ac;},_0x38bb1c[_0x270d(0x22f)]=function(_0x483e1f,_0x5afbb6){return _0x483e1f+_0x5afbb6;},_0x38bb1c[_0x270d(0x1ab)]=function(_0x1e70ee,_0xb81f45){return _0x1e70ee+_0xb81f45;},_0x38bb1c[_0x270d(0x267)]=function(_0xdf28ad,_0x116e14){return _0xdf28ad+_0x116e14;},_0x38bb1c['pgzlj']=function(_0x383b18,_0x5e2b20){return _0x383b18+_0x5e2b20;};const _0x3121c9=_0x38bb1c;if(_0x3121c9[_0x270d(0x1a3)](!_0x1e0015,!_0x373ab1)||!_0x373ab1['startsWith'](proxy_url_prefix))return _0x373ab1;return _0x373ab1[_0x270d(0x21f)](proxy_url_prefix[_0x270d(0x20b)])['startsWith'](_0x3121c9[_0x270d(0x1a6)])?_0x373ab1=_0x3121c9['SnDtZ'](_0x3121c9['tWqcG'](_0x3121c9[_0x270d(0x22f)](_0x373ab1['substring'](0x0,proxy_url_prefix[_0x270d(0x20b)]),_0x1e0015),'/'),_0x373ab1['substring'](_0x3121c9[_0x270d(0x1ab)](proxy_url_prefix[_0x270d(0x20b)],0x6))):_0x373ab1=_0x3121c9['ZEJdy'](_0x3121c9[_0x270d(0x204)](_0x3121c9[_0x270d(0x19f)](_0x373ab1[_0x270d(0x21f)](0x0,proxy_url_prefix[_0x270d(0x20b)]),_0x1e0015),'/'),_0x373ab1['substring'](proxy_url_prefix[_0x270d(0x20b)]+0x5)),_0x373ab1;}function _0x560a25(_0x442e4d){const _0x35eb31={};_0x35eb31[_0x270d(0x284)]=_0x270d(0x248),_0x35eb31[_0x270d(0x243)]=_0x270d(0x28f),_0x35eb31[_0x270d(0x219)]=_0x270d(0x19e);const _0x1d80ca=_0x35eb31;if(!_0x442e4d||!_0x442e4d[_0x270d(0x1bf)](proxy_url_prefix))return'';_0x442e4d=_0x442e4d[_0x270d(0x21f)](proxy_url_prefix[_0x270d(0x20b)]);if(_0x442e4d[_0x270d(0x1bf)](_0x270d(0x257)))return _0x1d80ca['sPgrE'];else{if(_0x442e4d[_0x270d(0x1bf)](_0x1d80ca[_0x270d(0x243)]))return _0x1d80ca[_0x270d(0x219)];}return'';}function _0x3787f1(_0x3b3344){const _0x1fe6c2={};_0x1fe6c2[_0x270d(0x1a4)]=function(_0x5050e6,_0xf9cb3c){return _0x5050e6+_0xf9cb3c;},_0x1fe6c2[_0x270d(0x25f)]=_0x270d(0x257),_0x1fe6c2[_0x270d(0x1a0)]=function(_0x18244a,_0x152746){return _0x18244a+_0x152746;},_0x1fe6c2[_0x270d(0x209)]=_0x270d(0x21b),_0x1fe6c2[_0x270d(0x22c)]=_0x270d(0x28f),_0x1fe6c2[_0x270d(0x215)]=function(_0x545e6d,_0x3076c5){return _0x545e6d+_0x3076c5;},_0x1fe6c2[_0x270d(0x29e)]=_0x270d(0x1e0);const _0x94a6b9=_0x1fe6c2;if(!_0x3b3344||!_0x3b3344[_0x270d(0x1bf)](config_proxy_url))return _0x3b3344;_0x3b3344=_0x3b3344[_0x270d(0x21f)](config_proxy_url[_0x270d(0x20b)]);_0x3b3344[_0x270d(0x1bf)](config_token_prefix)&&(_0x3b3344=_0x3b3344[_0x270d(0x21f)](config_token_prefix[_0x270d(0x20b)]));!_0x3b3344[_0x270d(0x1bf)](_0x270d(0x19e))&&(_0x3b3344=_0x94a6b9[_0x270d(0x1a4)](proxy_real_protocol+'/'+proxy_real_host,'/'));if(_0x3b3344[_0x270d(0x1bf)](_0x94a6b9[_0x270d(0x25f)]))_0x3b3344=_0x94a6b9['CSzvf'](_0x94a6b9['cfiOH'],_0x3b3344[_0x270d(0x21f)](0x6));else _0x3b3344[_0x270d(0x1bf)](_0x94a6b9[_0x270d(0x22c)])&&(_0x3b3344=_0x94a6b9[_0x270d(0x215)](_0x94a6b9[_0x270d(0x29e)],_0x3b3344['substring'](0x5)));return _0x3b3344;}function _0x728689(_0x162ebd){const _0x11fa6d={};_0x11fa6d[_0x270d(0x266)]=_0x270d(0x255)+':',_0x11fa6d['BpJlA']=_0x270d(0x225),_0x11fa6d[_0x270d(0x241)]='chrome:',_0x11fa6d[_0x270d(0x1c9)]=_0x270d(0x1aa),_0x11fa6d['BhuZs']='ftp:',_0x11fa6d[_0x270d(0x254)]='file:',_0x11fa6d[_0x270d(0x245)]=_0x270d(0x1a8),_0x11fa6d[_0x270d(0x250)]='sms:',_0x11fa6d[_0x270d(0x1b3)]='view-sourc'+'e:',_0x11fa6d[_0x270d(0x268)]=_0x270d(0x1c7),_0x11fa6d[_0x270d(0x1e5)]=function(_0x18a393,_0x255346){return _0x18a393+_0x255346;},_0x11fa6d[_0x270d(0x26d)]=function(_0x45ee69,_0x4992d1){return _0x45ee69+_0x4992d1;},_0x11fa6d[_0x270d(0x21e)]=function(_0x194c87,_0x6c7a15){return _0x194c87+_0x6c7a15;},_0x11fa6d['IPliG']=function(_0x564f40,_0x307215){return _0x564f40+_0x307215;},_0x11fa6d[_0x270d(0x1a2)]=_0x270d(0x1c6),_0x11fa6d[_0x270d(0x249)]=_0x270d(0x28a),_0x11fa6d['bZVxC']='/https';const _0x30bfbe=_0x11fa6d;if(!_0x162ebd||_0x162ebd[_0x270d(0x1bf)](proxy_url_prefix))return _0x162ebd;if(_0x162ebd['startsWith']('blob:')||_0x162ebd['startsWith'](_0x30bfbe['soHnG'])||_0x162ebd['startsWith'](_0x270d(0x261))||_0x162ebd['startsWith']('#')||_0x162ebd[_0x270d(0x1bf)](_0x30bfbe['BpJlA'])||_0x162ebd[_0x270d(0x1bf)](_0x30bfbe[_0x270d(0x241)])||_0x162ebd['startsWith'](_0x30bfbe[_0x270d(0x1c9)])||_0x162ebd[_0x270d(0x1bf)](_0x30bfbe[_0x270d(0x1ac)])||_0x162ebd['startsWith'](_0x30bfbe[_0x270d(0x254)])||_0x162ebd[_0x270d(0x1bf)](_0x30bfbe['YIBhH'])||_0x162ebd[_0x270d(0x1bf)](_0x30bfbe[_0x270d(0x250)])||_0x162ebd[_0x270d(0x1bf)](_0x30bfbe[_0x270d(0x1b3)])||_0x162ebd[_0x270d(0x1bf)](_0x30bfbe[_0x270d(0x268)])||_0x162ebd[_0x270d(0x1bf)](_0x270d(0x29a))||_0x162ebd[_0x270d(0x1bf)](_0x270d(0x279))||_0x162ebd[_0x270d(0x1bf)](_0x270d(0x28e)))return _0x162ebd;_0x162ebd['startsWith'](config_proxy_url)&&(_0x162ebd=_0x162ebd['substring'](config_proxy_url[_0x270d(0x20b)]));const _0x2739c3={'()(http[s]?)://([-a-z0-9A-Z.]+)':_0x30bfbe[_0x270d(0x1e5)](proxy_url_prefix,_0x270d(0x22d))};for(let _0x5689c1 in _0x2739c3){let _0x57d86e=new RegExp(_0x5689c1,'g');_0x162ebd=_0x162ebd[_0x270d(0x247)](_0x57d86e,_0x2739c3[_0x5689c1]);}let _0x4166c5=config_proxy_url[_0x270d(0x21f)](config_proxy_url['indexOf']('//'));_0x162ebd['startsWith'](_0x4166c5)&&(_0x162ebd=_0x162ebd[_0x270d(0x21f)](_0x4166c5['length']));let _0x46a6e3=_0x30bfbe[_0x270d(0x1e5)](_0x30bfbe['yklkW'](_0x30bfbe[_0x270d(0x21e)](proxy_url_prefix,proxy_real_protocol),'/'),proxy_real_host),_0x2b580f=proxy_url_prefix;if(_0x162ebd[_0x270d(0x1bf)]('//'))_0x162ebd=_0x30bfbe['IPliG'](_0x2b580f,_0x30bfbe['oHrMJ'])+_0x162ebd[_0x270d(0x1f7)](0x2),_0x162ebd=_0x162ebd[_0x270d(0x247)](_0x30bfbe[_0x270d(0x249)],_0x30bfbe[_0x270d(0x246)]);else _0x162ebd[_0x270d(0x1bf)]('/')&&(_0x162ebd=_0x30bfbe[_0x270d(0x1e5)](_0x46a6e3,_0x162ebd));return _0x162ebd;}var _0x2f2491=['src',_0x270d(0x1ea),'action',_0x270d(0x212),_0x270d(0x1d6)];const _0xd921fc={};_0xd921fc[_0x270d(0x1de)]=!![],_0xd921fc[_0x270d(0x1fa)]=!![],_0xd921fc[_0x270d(0x242)]=!![],_0xd921fc[_0x270d(0x1cf)+_0x270d(0x238)]=!![],_0xd921fc[_0x270d(0x1a1)+_0x270d(0x292)+'e']=!![],_0xd921fc[_0x270d(0x1b8)+'ilter']=_0x2f2491;var _0x21b14e=_0xd921fc;async function _0x5471d8(_0x2059fa,_0x474916){const _0x5e6bda={'dzdTN':function(_0x52f251,_0x392ab4){return _0x52f251(_0x392ab4);},'dHggI':_0x270d(0x1d3),'LJjRP':function(_0x2522dd,_0x59cdc3){return _0x2522dd!==_0x59cdc3;},'WqXOF':_0x270d(0x1fa)};_0x474916[_0x270d(0x236)](),_0x2059fa[_0x270d(0x1d4)](_0x569baf=>{switch(_0x569baf['type']){case'attributes':let _0x34f4b6=_0x569baf[_0x270d(0x273)][_0x270d(0x23e)+'te'](_0x569baf['attributeN'+_0x270d(0x208)]);if(_0x2f2491[_0x270d(0x1bb)](_0x569baf[_0x270d(0x251)+_0x270d(0x208)])){let _0x27c5fa=_0x5e6bda[_0x270d(0x201)](_0x728689,_0x34f4b6);_0x569baf[_0x270d(0x273)][_0x270d(0x2a1)]['toLowerCas'+'e']()==='script'&&_0x569baf[_0x270d(0x273)][_0x270d(0x26b)+'te'](_0x5e6bda[_0x270d(0x1f8)])&&_0x569baf[_0x270d(0x273)][_0x270d(0x1f2)+_0x270d(0x296)](_0x5e6bda[_0x270d(0x1f8)]),_0x5e6bda[_0x270d(0x1b4)](_0x27c5fa,_0x34f4b6)&&_0x569baf[_0x270d(0x273)][_0x270d(0x220)+'te'](_0x569baf['attributeN'+_0x270d(0x208)],_0x27c5fa);}break;case _0x5e6bda['WqXOF']:_0x569baf[_0x270d(0x202)][_0x270d(0x1d4)](_0x323032=>{_0x54977a(_0x323032);});break;}}),_0x474916[_0x270d(0x1c3)](document['documentEl'+_0x270d(0x23b)],_0x21b14e);}function _0x54977a(_0x4e2a91){const _0x155dd7={};_0x155dd7[_0x270d(0x1cb)]='script',_0x155dd7[_0x270d(0x1eb)]=function(_0x4e8356,_0x28de96){return _0x4e8356!==_0x28de96;};const _0x39e833=_0x155dd7;_0x4e2a91[_0x270d(0x278)]['forEach'](_0x346084=>{_0x54977a(_0x346084);});if(_0x4e2a91[_0x270d(0x25a)]===Node['ELEMENT_NO'+'DE']){const _0x4aeb03=_0x2f2491;_0x4aeb03[_0x270d(0x1d4)](_0xa3af1=>{if(_0x4e2a91[_0x270d(0x26b)+'te'](_0xa3af1)){let _0xbb1997=_0x4e2a91[_0x270d(0x23e)+'te'](_0xa3af1),_0x351875=_0x728689(_0xbb1997);_0x4e2a91[_0x270d(0x2a1)]['toLowerCas'+'e']()===_0x39e833[_0x270d(0x1cb)]&&_0x4e2a91[_0x270d(0x26b)+'te']('integrity')&&_0x4e2a91['removeAttr'+_0x270d(0x296)]('integrity'),_0x39e833[_0x270d(0x1eb)](_0x351875,_0xbb1997)&&_0x4e2a91[_0x270d(0x220)+'te'](_0xa3af1,_0x351875);}});}}var _0x3fcd80=new MutationObserver(_0x5471d8);_0x3fcd80[_0x270d(0x1c3)](document['documentEl'+'ement'],_0x21b14e),document[_0x270d(0x27a)+'stener'](_0x270d(0x20a)+_0x270d(0x24a),()=>{});function _0x130874(_0x32e13c,_0x5d48e2){const _0x5bb0cf={'qMPqF':function(_0x1e402b,_0xf75eca){return _0x1e402b(_0xf75eca);},'wBrjw':function(_0x5a97c5,_0x5c6d1b){return _0x5a97c5!==_0x5c6d1b;},'PCFGy':function(_0x1655bf,_0x43ee6e){return _0x1655bf instanceof _0x43ee6e;},'XLkCc':_0x270d(0x1b5)};if(!_0x5bb0cf[_0x270d(0x28b)](_0x32e13c,HTMLElement)||!_0x32e13c[_0x270d(0x26b)+'te'](_0x5d48e2)||_0x32e13c[_0x270d(0x262)+_0x270d(0x285)])return;_0x32e13c[_0x270d(0x262)+_0x270d(0x285)]=!![],_0x32e13c['addEventLi'+_0x270d(0x283)](_0x5bb0cf[_0x270d(0x270)],function(_0x530f62){const _0x3d9708=_0x32e13c[_0x270d(0x23e)+'te'](_0x5d48e2),_0x208e38=_0x5bb0cf[_0x270d(0x25c)](_0x728689,_0x32e13c['getAttribu'+'te'](_0x5d48e2));_0x5bb0cf[_0x270d(0x24c)](_0x208e38,_0x3d9708)&&_0x32e13c['setAttribu'+'te'](_0x5d48e2,_0x208e38);});}function _0x1e661e(_0x5670fc){const _0x418723={};_0x418723[_0x270d(0x244)]=_0x270d(0x1c0)+_0x270d(0x216)+_0x270d(0x1b2)+_0x270d(0x290)+_0x270d(0x1df)+_0x270d(0x21d)+_0x270d(0x20f)+_0x270d(0x20c)+_0x270d(0x210),_0x418723[_0x270d(0x1e8)]=_0x270d(0x211);const _0xc1c6d0=_0x418723;if(!(_0x5670fc instanceof HTMLFormElement)||!_0x5670fc[_0x270d(0x26b)+'te'](_0xc1c6d0[_0x270d(0x1e8)])||_0x5670fc[_0x270d(0x291)+'edAlready'])return;_0x5670fc['submitHook'+_0x270d(0x260)]=!![],_0x5670fc[_0x270d(0x27a)+_0x270d(0x283)](_0x270d(0x1bd),function(_0x500f49){if(!_0x5670fc||!_0x5670fc[_0x270d(0x1da)]){console['error'](_0xc1c6d0[_0x270d(0x244)]);return;}_0x500f49[_0x270d(0x23d)+_0x270d(0x233)](),_0x500f49[_0x270d(0x273)][_0x270d(0x211)]=_0x728689(_0x500f49[_0x270d(0x273)]['action']),_0x500f49[_0x270d(0x273)][_0x270d(0x1bd)]();});}function _0x1397a2(_0x179f21,_0x15100d,_0x4cfdf4){const _0x40d086={};_0x40d086['KAtmO']=_0x270d(0x2a0)+_0x270d(0x25b);const _0x43e001=_0x40d086;if(window['proxy_work'+_0x270d(0x1ad)+_0x270d(0x1e7)]&&window[_0x270d(0x222)+_0x270d(0x1ad)+_0x270d(0x1e7)]['active']){const _0xe61e7b={};_0xe61e7b['pathname']=_0x179f21,_0xe61e7b[_0x270d(0x22b)+_0x270d(0x282)]=_0x15100d,_0xe61e7b[_0x270d(0x297)]=_0x4cfdf4;const _0x70b50e={};_0x70b50e['type']=_0x43e001['KAtmO'],_0x70b50e[_0x270d(0x25e)]=_0xe61e7b,window[_0x270d(0x222)+_0x270d(0x1ad)+'ation']['active'][_0x270d(0x205)+'e'](_0x70b50e);}}function _0x298e63(){const _0xdbcfd7={};_0xdbcfd7['QEdiV']=function(_0x4bd1b8,_0x2205ad){return _0x4bd1b8!==_0x2205ad;};const _0x243aeb=_0xdbcfd7;if(!proxy_real_protocol||_0x243aeb[_0x270d(0x264)](window[_0x270d(0x230)],window[_0x270d(0x234)]))return;if(window[_0x270d(0x222)+'er_registr'+'ation']&&window[_0x270d(0x222)+_0x270d(0x1ad)+_0x270d(0x1e7)]['active']){const _0x165e52={};_0x165e52[_0x270d(0x2a3)]=proxy_real_protocol,_0x165e52[_0x270d(0x1b6)]=proxy_real_host;const _0x54a4a0={};_0x54a4a0[_0x270d(0x1c5)]=_0x270d(0x228)+_0x270d(0x27b),_0x54a4a0['data']=_0x165e52,window[_0x270d(0x222)+_0x270d(0x1ad)+'ation'][_0x270d(0x1f1)][_0x270d(0x205)+'e'](_0x54a4a0);}}_0x270d(0x1ca)+_0x270d(0x29c)in navigator&&navigator['serviceWor'+'ker']['getRegistr'+_0x270d(0x294)]()[_0x270d(0x22e)](function(_0x390c9d){const _0x2b78d6={'swZdU':_0x270d(0x237)+_0x270d(0x252)+'rker.js','BGtnC':function(_0x5c27ec){return _0x5c27ec();},'vsyoC':_0x270d(0x298),'HIaQb':'host:','LBhoc':function(_0x5d6a97){return _0x5d6a97();},'kCNVe':'siteproxy_'+'service_wo'+'rker regis'+_0x270d(0x263)+_0x270d(0x276),'FyTxy':function(_0x435101,_0x3186a8){return _0x435101+_0x3186a8;},'kIFKB':_0x270d(0x1a9)+_0x270d(0x24e)+_0x270d(0x23f)+'roxy_real_'+'protocol=','BdgFx':_0x270d(0x1c4)};var _0x2fd420=_0x390c9d[_0x270d(0x1e9)](function(_0x22266b){let _0xf9982d=_0x22266b['active']&&_0x22266b['active'][_0x270d(0x287)]['includes'](_0x2b78d6[_0x270d(0x277)]);_0xf9982d&&(console[_0x270d(0x1dc)](_0x270d(0x224)+_0x270d(0x281)+_0x270d(0x253)+'dy registe'+'red.'),window[_0x270d(0x222)+'er_registr'+_0x270d(0x1e7)]=_0x22266b,_0x2b78d6['BGtnC'](_0x298e63));});!_0x2fd420&&window['addEventLi'+_0x270d(0x283)](_0x2b78d6[_0x270d(0x265)],function(){if(window[_0x270d(0x222)+_0x270d(0x1ad)+_0x270d(0x1e7)]&&window['proxy_work'+'er_registr'+_0x270d(0x1e7)][_0x270d(0x1f1)])return;navigator['serviceWor'+_0x270d(0x29c)]['register'](_0x2b78d6[_0x270d(0x21a)](_0x2b78d6[_0x270d(0x1d1)]+proxy_real_protocol+(_0x270d(0x259)+_0x270d(0x269)),proxy_real_host))[_0x270d(0x22e)](function(_0x17a0ae){console['log'](_0x270d(0x237)+_0x270d(0x252)+_0x270d(0x1cc)+_0x270d(0x1d0)+'ccessful w'+_0x270d(0x1d7)+' ',_0x17a0ae[_0x270d(0x221)],_0x2b78d6[_0x270d(0x1ff)],proxy_real_protocol,_0x2b78d6['HIaQb'],proxy_real_host),window[_0x270d(0x222)+_0x270d(0x1ad)+'ation']=_0x17a0ae,_0x2b78d6[_0x270d(0x286)](_0x298e63);},function(_0x1a04bf){console[_0x270d(0x1dc)](_0x2b78d6['kCNVe'],_0x1a04bf);});});});window[_0x270d(0x272)][_0x270d(0x1dd)]['includes']('github.com')&&setTimeout(()=>{const _0x3fafa1={'tgKfn':_0x270d(0x271)+'orm submis'+_0x270d(0x214),'MvPnR':_0x270d(0x1af),'Pydxu':function(_0x25852c,_0x44bf59,_0x3546f1){return _0x25852c(_0x44bf59,_0x3546f1);},'DixYX':_0x270d(0x1b0),'lfhlA':_0x270d(0x1bd)};document[_0x270d(0x2a2)+_0x270d(0x1a7)](_0x3fafa1[_0x270d(0x23a)])[_0x270d(0x27a)+_0x270d(0x283)](_0x3fafa1['lfhlA'],function(_0x536b42){const _0x16ef5d={};_0x16ef5d[_0x270d(0x28c)]=_0x3fafa1[_0x270d(0x26a)];const _0x138890=_0x16ef5d;_0x536b42[_0x270d(0x23d)+'ault']();const _0x2774d1=_0x536b42[_0x270d(0x273)][_0x270d(0x211)],_0x1610a8=_0x536b42['target']['method']||_0x3fafa1[_0x270d(0x299)],_0x5106de=new FormData(_0x536b42[_0x270d(0x273)]);let _0x1da95f={};const _0x5a8883={};_0x5a8883[_0x270d(0x240)]=_0x1610a8,_0x5a8883[_0x270d(0x1c8)]=_0x5106de,_0x5a8883[_0x270d(0x1e6)]=_0x1da95f,_0x3fafa1[_0x270d(0x25d)](fetch,_0x2774d1,_0x5a8883)[_0x270d(0x22e)](_0x3ba766=>{window[_0x270d(0x272)][_0x270d(0x1ea)]=_0x3ba766['url'];})[_0x270d(0x289)](_0x15eb1d=>{console['error'](_0x138890['OObQf'],_0x15eb1d);});});},0xfa0);}</script>
<title>Direct IP access not allowed | Cloudflare</title>
<meta charset="UTF-8" />
<meta http-equiv="Content-Type" content="text/html; charset=UTF-8" />
<meta http-equiv="X-UA-Compatible" content="IE=Edge" />
<meta name="robots" content="noindex, nofollow" />
<meta name="viewport" content="width=device-width,initial-scale=1" />
<link rel="stylesheet" id="cf_styles-css" href="/cdn-cgi/styles/main.css" />


<script>
(function(){if(document.addEventListener&&window.XMLHttpRequest&&JSON&&JSON.stringify){var e=function(a){var c=document.getElementById("error-feedback-survey"),d=document.getElementById("error-feedback-success"),b=new XMLHttpRequest;a={event:"feedback clicked",properties:{errorCode:1003,helpful:a,version:1}};b.open("POST","https://sparrow.cloudflare.com/api/v1/event");b.setRequestHeader("Content-Type","application/json");b.setRequestHeader("Sparrow-Source-Key","c771f0e4b54944bebf4261d44bd79a1e");
b.send(JSON.stringify(a));c.classList.add("feedback-hidden");d.classList.remove("feedback-hidden")};document.addEventListener("DOMContentLoaded",function(){var a=document.getElementById("error-feedback"),c=document.getElementById("feedback-button-yes"),d=document.getElementById("feedback-button-no");"classList"in a&&(a.classList.remove("feedback-hidden"),c.addEventListener("click",function(){e(!0)}),d.addEventListener("click",function(){e(!1)}))})}})();
</script>

<script defer src="https://performance.radar.cloudflare.com/beacon.js"></script>
</head>
<body>
  <div id="cf-wrapper">
    <div class="cf-alert cf-alert-error cf-cookie-error hidden" id="cookie-alert" data-translate="enable_cookies">Please enable cookies.</div>
    <div id="cf-error-details" class="p-0">
      <header class="mx-auto pt-10 lg:pt-6 lg:px-8 w-240 lg:w-full mb-15 antialiased">
         <h1 class="inline-block md:block mr-2 md:mb-2 font-light text-60 md:text-3xl text-black-dark leading-tight">
           <span data-translate="error">Error</span>
           <span>1003</span>
         </h1>
         <span class="inline-block md:block heading-ray-id font-mono text-15 lg:text-sm lg:leading-relaxed">Ray ID: 88079badb23a71ce &bull;</span>
         <span class="inline-block md:block heading-ray-id font-mono text-15 lg:text-sm lg:leading-relaxed">2024-05-08 07:06:37 UTC</span>
        <h2 class="text-gray-600 leading-1.3 text-3xl lg:text-2xl font-light">Direct IP access not allowed</h2>
      </header>

      <section class="w-240 lg:w-full mx-auto mb-8 lg:px-8">
          <div id="what-happened-section" class="w-1/2 md:w-full">
            <h2 class="text-3xl leading-tight font-normal mb-4 text-black-dark antialiased" data-translate="what_happened">What happened?</h2>
            <p>You've requested an IP address that is part of the <a href="https://www.cloudflare.com/5xx-error-landing/" target="_blank">Cloudflare</a> network. A valid Host header must be supplied to reach the desired website.</p>
            
          </div>

          
          <div id="resolution-copy-section" class="w-1/2 mt-6 text-15 leading-normal">
            <h2 class="text-3xl leading-tight font-normal mb-4 text-black-dark antialiased" data-translate="what_can_i_do">What can I do?</h2>
            <p>If you are interested in learning more about Cloudflare, please <a href="https://www.cloudflare.com/5xx-error-landing/" target="_blank">visit our website</a>.</p>
          </div>
          
      </section>

      <div class="feedback-hidden py-8 text-center" id="error-feedback">
    <div id="error-feedback-survey" class="footer-line-wrapper">
        Was this page helpful?
        <button class="border border-solid bg-white cf-button cursor-pointer ml-4 px-4 py-2 rounded" id="feedback-button-yes" type="button">Yes</button>
        <button class="border border-solid bg-white cf-button cursor-pointer ml-4 px-4 py-2 rounded" id="feedback-button-no" type="button">No</button>
    </div>
    <div class="feedback-success feedback-hidden" id="error-feedback-success">
        Thank you for your feedback!
    </div>
</div>


      <div class="cf-error-footer cf-wrapper w-240 lg:w-full py-10 sm:py-4 sm:px-8 mx-auto text-center sm:text-left border-solid border-0 border-t border-gray-300">
  <p class="text-13">
    <span class="cf-footer-item sm:block sm:mb-1">Cloudflare Ray ID: <strong class="font-semibold">88079badb23a71ce</strong></span>
    <span class="cf-footer-separator sm:hidden">&bull;</span>
    <span id="cf-footer-item-ip" class="cf-footer-item hidden sm:block sm:mb-1">
      Your IP:
      <button type="button" id="cf-footer-ip-reveal" class="cf-footer-ip-reveal-btn">Click to reveal</button>
      <span class="hidden" id="cf-footer-ip">123.57.134.53</span>
      <span class="cf-footer-separator sm:hidden">&bull;</span>
    </span>
    <span class="cf-footer-item sm:block sm:mb-1"><span>Performance &amp; security by</span> <a rel="noopener noreferrer" href="https://www.cloudflare.com/5xx-error-landing" id="brand_link" target="_blank">Cloudflare</a></span>
    
  </p>
  <script>(function(){function d(){var b=a.getElementById("cf-footer-item-ip"),c=a.getElementById("cf-footer-ip-reveal");b&&"classList"in b&&(b.classList.remove("hidden"),c.addEventListener("click",function(){c.classList.add("hidden");a.getElementById("cf-footer-ip").classList.remove("hidden")}))}var a=document;document.addEventListener&&a.addEventListener("DOMContentLoaded",d)})();</script>
</div><!-- /.error-footer -->


    </div><!-- /#cf-error-details -->
  </div><!-- /#cf-wrapper -->

  <script>
  window._cf_translation = {};
  
  
</script>

</body>
</html>
: 0
</pre> 发送到 2531667489@qq.com
已完成任务：将 测试--test 发送到 dhjhsio@outlook.com
已完成任务：将 bilibili粉丝观测系统异常--观测出现错误(uid: 1202504814) 发送到 2531667489@qq.com
已完成任务：将 bilibili粉丝观测系统异常--观测出现错误(uid: 1528427197) 发送到 2531667489@qq.com
已完成任务：将 bilibili粉丝观测系统异常--观测出现错误(uid: 122397614) 发送到 2531667489@qq.com
已完成任务：将 bilibili粉丝观测系统异常--观测出现错误(uid: 3493285567925098) 发送到 2531667489@qq.com
已完成任务：将 新留言通报(momo粉丝站)--<b><font size=2.5>User_Name test</font></b><br><br><b>Comment</b><font size=2 style='margin-left:10px;'><pre>└test</pre></font><br><br><font size=1.5 color=#808080><br>In page https://momomitsuki.com/<br>end.</font> 发送到 2531667489@qq.com
已完成任务：将 新留言通报(momo粉丝站)--<b><font size=2.5>User_Name 同事萌</font></b><br><br><b>Comment</b><font size=2 style='margin-left:10px;'><pre>└test</pre></font><br><br><font size=1.5 color=#808080><br>In page https://momomitsuki.com/<br>end.</font> 发送到 2531667489@qq.com
已完成任务：将 BUPT电费低警告--截至2024-05-23 03:02:48.0您宿舍(编号: 190815001313)的电费仅剩14.15元，已小于15元。为了防止断电给您造成损失，请及时充值！ 发送到 2531667489@qq.com
已完成任务：将 BUPT电费低警告--截至2024-05-24 03:04:57.0您宿舍(编号: 190815001313)的电费仅剩9.55元，已小于15元。为了防止断电给您造成损失，请及时充值！ 发送到 2531667489@qq.com
已完成任务：将 BUPT电费低警告--截至2024-05-25 03:03:56.0您宿舍(编号: 190815001313)的电费仅剩6.23元，已小于15元。为了防止断电给您造成损失，请及时充值！ 发送到 2531667489@qq.com
已完成任务：将 BUPT电费低警告--截至2024-05-26 03:02:51.0您宿舍(编号: 190815001313)的电费仅剩3.06元，已小于15元。为了防止断电给您造成损失，请及时充值！ 发送到 2531667489@qq.com
已完成任务：将 bilibili粉丝观测系统异常--观测出现错误(uid: 3546393616582807) 发送到 2531667489@qq.com
已完成任务：将 BUPT电费低警告--截至2024-06-04 03:03:04.0您宿舍(编号: 190815001313)的电费仅剩10.4元，已小于15元。为了防止断电给您造成损失，请及时充值！ 发送到 2531667489@qq.com
已完成任务：将 BUPT电费低警告--截至2024-06-05 03:03:26.0您宿舍(编号: 190815001313)的电费仅剩4.8元，已小于15元。为了防止断电给您造成损失，请及时充值！ 发送到 2531667489@qq.com
已完成任务：将 BUPT电费低警告--截至2024-06-08 03:02:24.0您宿舍(编号: 190815001319)的电费仅剩10.52元，已小于15元。为了防止断电给您造成损失，请及时充值！ 发送到 576245041@qq.com
已完成任务：将 BUPT电费低警告--截至2024-06-13 03:03:19.0您宿舍(编号: 190815001313)的电费仅剩12.0元，已小于15元。为了防止断电给您造成损失，请及时充值！ 发送到 2531667489@qq.com
已完成任务：将 BUPT电费低警告--截至2024-06-14 03:04:11.0您宿舍(编号: 190815001313)的电费仅剩5.01元，已小于15元。为了防止断电给您造成损失，请及时充值！ 发送到 2531667489@qq.com
已完成任务：将 BUPT电费低警告--截至2024-06-17 03:04:28.0您宿舍(编号: 190815001313)的电费仅剩13.93元，已小于15元。为了防止断电给您造成损失，请及时充值！ 发送到 2531667489@qq.com
已完成任务：将 BUPT电费低警告--截至2024-06-18 03:03:34.0您宿舍(编号: 190815001313)的电费仅剩5.69元，已小于15元。为了防止断电给您造成损失，请及时充值！ 发送到 2531667489@qq.com
已完成任务：将 BUPT电费低警告--截至2024-06-18 03:03:20.0您宿舍(编号: 190815001319)的电费仅剩12.38元，已小于15元。为了防止断电给您造成损失，请及时充值！ 发送到 576245041@qq.com
已完成任务：将 BUPT电费低警告--截至2024-06-21 03:02:17.0您宿舍(编号: 190815001319)的电费仅剩4.73元，已小于15元。为了防止断电给您造成损失，请及时充值！ 发送到 576245041@qq.com
已完成任务：将 BUPT电费低警告--截至2024-06-24 03:02:57.0您宿舍(编号: 190815001313)的电费仅剩8.01元，已小于15元。为了防止断电给您造成损失，请及时充值！ 发送到 2531667489@qq.com
已完成任务：将 BUPT电费低警告--截至2024-06-24 03:02:40.0您宿舍(编号: 190815001319)的电费仅剩14.95元，已小于15元。为了防止断电给您造成损失，请及时充值！ 发送到 576245041@qq.com
已完成任务：将 BUPT电费低警告--截至2024-06-25 03:02:08.0您宿舍(编号: 190815001319)的电费仅剩5.61元，已小于15元。为了防止断电给您造成损失，请及时充值！ 发送到 576245041@qq.com
已完成任务：将 BUPT电费低警告--截至2024-06-27 03:03:38.0您宿舍(编号: 190815001319)的电费仅剩12.15元，已小于15元。为了防止断电给您造成损失，请及时充值！ 发送到 576245041@qq.com
已完成任务：将 BUPT电费低警告--截至2024-06-28 09:38:30.0您宿舍(编号: 190815001319)的电费仅剩14.12元，已小于15元。为了防止断电给您造成损失，请及时充值！ 发送到 576245041@qq.com
已完成任务：将 BUPT电费低警告--截至2024-06-29 03:03:17.0您宿舍(编号: 190815001313)的电费仅剩9.81元，已小于15元。为了防止断电给您造成损失，请及时充值！ 发送到 2531667489@qq.com
已完成任务：将 BUPT电费低警告--截至2024-06-29 03:02:53.0您宿舍(编号: 190815001319)的电费仅剩5.93元，已小于15元。为了防止断电给您造成损失，请及时充值！ 发送到 576245041@qq.com
已完成任务：将 BUPT电费低警告--截至Null您宿舍(编号: 29201)的电费仅剩Null元，已小于15元。为了防止断电给您造成损失，请及时充值！ 发送到 2212708123@qq.com
已完成任务：将 BUPT电费低警告--截至Null您宿舍(编号: 29201)的电费仅剩Null元，已小于15元。为了防止断电给您造成损失，请及时充值！ 发送到 2212708123@qq.com
已完成任务：将 BUPT电费低警告--截至2024-07-06 03:27:50.0您宿舍(编号: 190807008985)的电费仅剩13.01元，已小于15元。为了防止断电给您造成损失，请及时充值！ 发送到 2845687016@qq.com
已完成任务：将 BUPT电费低警告--截至Null您宿舍(编号: 29201)的电费仅剩Null元，已小于15元。为了防止断电给您造成损失，请及时充值！ 发送到 2212708123@qq.com
已完成任务：将 BUPT电费低警告--截至2024-07-07 03:28:27.0您宿舍(编号: 190807008985)的电费仅剩9.99元，已小于15元。为了防止断电给您造成损失，请及时充值！ 发送到 2845687016@qq.com
已完成任务：将 BUPT电费低警告--截至Null您宿舍(编号: 29201)的电费仅剩Null元，已小于15元。为了防止断电给您造成损失，请及时充值！ 发送到 2212708123@qq.com
已完成任务：将 BUPT电费低警告--截至2024-07-08 03:26:36.0您宿舍(编号: 190807008985)的电费仅剩6.94元，已小于15元。为了防止断电给您造成损失，请及时充值！ 发送到 2845687016@qq.com
已完成任务：将 BUPT电费低警告--截至Null您宿舍(编号: 29201)的电费仅剩Null元，已小于15元。为了防止断电给您造成损失，请及时充值！ 发送到 2212708123@qq.com
已完成任务：将 BUPT电费低警告--截至2024-07-09 03:32:59.0您宿舍(编号: 190807008985)的电费仅剩3.39元，已小于15元。为了防止断电给您造成损失，请及时充值！ 发送到 2845687016@qq.com
已完成任务：将 BUPT电费低警告--截至Null您宿舍(编号: 29201)的电费仅剩Null元，已小于15元。为了防止断电给您造成损失，请及时充值！ 发送到 2212708123@qq.com
已完成任务：将 BUPT电费低警告--截至Null您宿舍(编号: 29201)的电费仅剩Null元，已小于15元。为了防止断电给您造成损失，请及时充值！ 发送到 2212708123@qq.com
已完成任务：将 BUPT电费低警告--截至Null您宿舍(编号: 29201)的电费仅剩Null元，已小于15元。为了防止断电给您造成损失，请及时充值！ 发送到 2212708123@qq.com
已完成任务：将 BUPT电费低警告--截至Null您宿舍(编号: 29201)的电费仅剩Null元，已小于15元。为了防止断电给您造成损失，请及时充值！ 发送到 2212708123@qq.com
已完成任务：将 BUPT电费低警告--截至Null您宿舍(编号: 29201)的电费仅剩Null元，已小于15元。为了防止断电给您造成损失，请及时充值！ 发送到 2212708123@qq.com
已完成任务：将 BUPT电费低警告--截至Null您宿舍(编号: 29201)的电费仅剩Null元，已小于15元。为了防止断电给您造成损失，请及时充值！ 发送到 2212708123@qq.com
已完成任务：将 BUPT电费低警告--截至Null您宿舍(编号: 29201)的电费仅剩Null元，已小于15元。为了防止断电给您造成损失，请及时充值！ 发送到 2212708123@qq.com
已完成任务：将 BUPT电费低警告--截至Null您宿舍(编号: 29201)的电费仅剩Null元，已小于15元。为了防止断电给您造成损失，请及时充值！ 发送到 2212708123@qq.com
已完成任务：将 BUPT电费低警告--截至Null您宿舍(编号: 29201)的电费仅剩Null元，已小于15元。为了防止断电给您造成损失，请及时充值！ 发送到 2212708123@qq.com
已完成任务：将 BUPT电费低警告--截至Null您宿舍(编号: 29201)的电费仅剩Null元，已小于15元。为了防止断电给您造成损失，请及时充值！ 发送到 2212708123@qq.com
已完成任务：将 BUPT电费低警告--截至Null您宿舍(编号: 29201)的电费仅剩Null元，已小于15元。为了防止断电给您造成损失，请及时充值！ 发送到 2212708123@qq.com
已完成任务：将 BUPT电费低警告--截至Null您宿舍(编号: 29201)的电费仅剩Null元，已小于15元。为了防止断电给您造成损失，请及时充值！ 发送到 2212708123@qq.com
已完成任务：将 BUPT电费低警告--截至Null您宿舍(编号: 29201)的电费仅剩Null元，已小于15元。为了防止断电给您造成损失，请及时充值！ 发送到 2212708123@qq.com
已完成任务：将 BUPT电费低警告--截至Null您宿舍(编号: 29201)的电费仅剩Null元，已小于15元。为了防止断电给您造成损失，请及时充值！ 发送到 2212708123@qq.com
已完成任务：将 BUPT电费低警告--截至Null您宿舍(编号: 29201)的电费仅剩Null元，已小于15元。为了防止断电给您造成损失，请及时充值！ 发送到 2212708123@qq.com
已完成任务：将 BUPT电费低警告--截至Null您宿舍(编号: 29201)的电费仅剩Null元，已小于15元。为了防止断电给您造成损失，请及时充值！ 发送到 2212708123@qq.com
已完成任务：将 BUPT电费低警告--截至Null您宿舍(编号: 29201)的电费仅剩Null元，已小于15元。为了防止断电给您造成损失，请及时充值！ 发送到 2212708123@qq.com
已完成任务：将 BUPT电费低警告--截至Null您宿舍(编号: 29201)的电费仅剩Null元，已小于15元。为了防止断电给您造成损失，请及时充值！ 发送到 2212708123@qq.com
已完成任务：将 BUPT电费低警告--截至Null您宿舍(编号: 29201)的电费仅剩Null元，已小于15元。为了防止断电给您造成损失，请及时充值！ 发送到 2212708123@qq.com
已完成任务：将 BUPT电费低警告--截至Null您宿舍(编号: 29201)的电费仅剩Null元，已小于15元。为了防止断电给您造成损失，请及时充值！ 发送到 2212708123@qq.com
已完成任务：将 BUPT电费低警告--截至Null您宿舍(编号: 29201)的电费仅剩Null元，已小于15元。为了防止断电给您造成损失，请及时充值！ 发送到 2212708123@qq.com
已完成任务：将 BUPT电费低警告--截至Null您宿舍(编号: 29201)的电费仅剩Null元，已小于15元。为了防止断电给您造成损失，请及时充值！ 发送到 2212708123@qq.com
已完成任务：将 BUPT电费低警告--截至Null您宿舍(编号: 29201)的电费仅剩Null元，已小于15元。为了防止断电给您造成损失，请及时充值！ 发送到 2212708123@qq.com
已完成任务：将 BUPT电费低警告--截至Null您宿舍(编号: 29201)的电费仅剩Null元，已小于15元。为了防止断电给您造成损失，请及时充值！ 发送到 2212708123@qq.com
已完成任务：将 BUPT电费低警告--截至Null您宿舍(编号: 29201)的电费仅剩Null元，已小于15元。为了防止断电给您造成损失，请及时充值！ 发送到 2212708123@qq.com
已完成任务：将 BUPT电费低警告--截至Null您宿舍(编号: 29201)的电费仅剩Null元，已小于15元。为了防止断电给您造成损失，请及时充值！ 发送到 2212708123@qq.com
已完成任务：将 BUPT电费低警告--截至Null您宿舍(编号: 29201)的电费仅剩Null元，已小于15元。为了防止断电给您造成损失，请及时充值！ 发送到 2212708123@qq.com
已完成任务：将 BUPT电费低警告--截至Null您宿舍(编号: 29201)的电费仅剩Null元，已小于15元。为了防止断电给您造成损失，请及时充值！ 发送到 2212708123@qq.com
已完成任务：将 BUPT电费低警告--截至Null您宿舍(编号: 29201)的电费仅剩Null元，已小于15元。为了防止断电给您造成损失，请及时充值！ 发送到 2212708123@qq.com
已完成任务：将 BUPT电费低警告--截至Null您宿舍(编号: 29201)的电费仅剩Null元，已小于15元。为了防止断电给您造成损失，请及时充值！ 发送到 2212708123@qq.com
已完成任务：将 新留言通报(妮露狐粉丝站)--<b><font size=2.5>User_Name itsuki (Contact )</font></b><br><br><b>Comment</b><font size=2 style='margin-left:10px;'><pre>└Just wanted to say I really love her voice! So smoothing :)</pre></font><br><br><font size=1.5 color=#808080>  Time.   2024-08-31 20:17:35(UTC+8)<br>from 0(14.100.18.128)<br>In page https://www.sweetily.club/<br>end.</font> 发送到 2531667489@qq.com
已完成任务：将 新留言通报(momo粉丝站)--<b><font size=2.5>User_Name </font></b><br><br><b>Comment</b><font size=2 style='margin-left:10px;'><pre>└</pre></font><br><br><font size=1.5 color=#808080><br>In page <br>end.</font> 发送到 2531667489@qq.com
